
**** Build of configuration Release for project proj_lab02d ****

"C:\\ti\\ccsv6\\utils\\bin\\gmake" -k all 
'Building file: C:/Dropbox (TeamGVA)/Root/EV/code/motorware_1_01_00_16/sw/drivers/cpu/src/32b/f28x/f2806x/CodeStartBranch.asm'
'Invoking: C2000 Compiler'
"C:/ti/ccsv6/tools/compiler/ti-cgt-c2000_6.4.10/bin/cl2000" -v28 -ml -mt --float_support=fpu32 -O2 --include_path="C:/Dropbox (TeamGVA)/Root/EV/code/motorware_1_01_00_16/sw/modules/hal/boards/hvkit_rev1p1/f28x/f2806x/src/" --include_path="C:/Dropbox (TeamGVA)/Root/EV/code/motorware_1_01_00_16/sw/solutions/instaspin_foc/boards/hvkit_rev1p1/f28x/f2806xF/src" --include_path="C:/ti/ccsv6/tools/compiler/ti-cgt-c2000_6.4.10/include" --include_path="C:/Dropbox (TeamGVA)/Root/EV/code/motorware_1_01_00_16" -g --define=FAST_ROM_V1p6 --diag_warning=225 --display_error_number --preproc_with_compile --preproc_dependency="CodeStartBranch.pp"  "C:/Dropbox (TeamGVA)/Root/EV/code/motorware_1_01_00_16/sw/drivers/cpu/src/32b/f28x/f2806x/CodeStartBranch.asm"
'Finished building: C:/Dropbox (TeamGVA)/Root/EV/code/motorware_1_01_00_16/sw/drivers/cpu/src/32b/f28x/f2806x/CodeStartBranch.asm'
' '
'Building file: C:/Dropbox (TeamGVA)/Root/EV/code/motorware_1_01_00_16/sw/drivers/adc/src/32b/f28x/f2806x/adc.c'
'Invoking: C2000 Compiler'
"C:/ti/ccsv6/tools/compiler/ti-cgt-c2000_6.4.10/bin/cl2000" -v28 -ml -mt --float_support=fpu32 -O2 --include_path="C:/Dropbox (TeamGVA)/Root/EV/code/motorware_1_01_00_16/sw/modules/hal/boards/hvkit_rev1p1/f28x/f2806x/src/" --include_path="C:/Dropbox (TeamGVA)/Root/EV/code/motorware_1_01_00_16/sw/solutions/instaspin_foc/boards/hvkit_rev1p1/f28x/f2806xF/src" --include_path="C:/ti/ccsv6/tools/compiler/ti-cgt-c2000_6.4.10/include" --include_path="C:/Dropbox (TeamGVA)/Root/EV/code/motorware_1_01_00_16" -g --define=FAST_ROM_V1p6 --diag_warning=225 --display_error_number --preproc_with_compile --preproc_dependency="adc.pp"  "C:/Dropbox (TeamGVA)/Root/EV/code/motorware_1_01_00_16/sw/drivers/adc/src/32b/f28x/f2806x/adc.c"
'Finished building: C:/Dropbox (TeamGVA)/Root/EV/code/motorware_1_01_00_16/sw/drivers/adc/src/32b/f28x/f2806x/adc.c'
' '
'Building file: C:/Dropbox (TeamGVA)/Root/EV/code/motorware_1_01_00_16/sw/modules/clarke/src/32b/clarke.c'
'Invoking: C2000 Compiler'
"C:/ti/ccsv6/tools/compiler/ti-cgt-c2000_6.4.10/bin/cl2000" -v28 -ml -mt --float_support=fpu32 -O2 --include_path="C:/Dropbox (TeamGVA)/Root/EV/code/motorware_1_01_00_16/sw/modules/hal/boards/hvkit_rev1p1/f28x/f2806x/src/" --include_path="C:/Dropbox (TeamGVA)/Root/EV/code/motorware_1_01_00_16/sw/solutions/instaspin_foc/boards/hvkit_rev1p1/f28x/f2806xF/src" --include_path="C:/ti/ccsv6/tools/compiler/ti-cgt-c2000_6.4.10/include" --include_path="C:/Dropbox (TeamGVA)/Root/EV/code/motorware_1_01_00_16" -g --define=FAST_ROM_V1p6 --diag_warning=225 --display_error_number --preproc_with_compile --preproc_dependency="clarke.pp"  "C:/Dropbox (TeamGVA)/Root/EV/code/motorware_1_01_00_16/sw/modules/clarke/src/32b/clarke.c"
'Finished building: C:/Dropbox (TeamGVA)/Root/EV/code/motorware_1_01_00_16/sw/modules/clarke/src/32b/clarke.c'
' '
'Building file: C:/Dropbox (TeamGVA)/Root/EV/code/motorware_1_01_00_16/sw/drivers/clk/src/32b/f28x/f2806x/clk.c'
'Invoking: C2000 Compiler'
"C:/ti/ccsv6/tools/compiler/ti-cgt-c2000_6.4.10/bin/cl2000" -v28 -ml -mt --float_support=fpu32 -O2 --include_path="C:/Dropbox (TeamGVA)/Root/EV/code/motorware_1_01_00_16/sw/modules/hal/boards/hvkit_rev1p1/f28x/f2806x/src/" --include_path="C:/Dropbox (TeamGVA)/Root/EV/code/motorware_1_01_00_16/sw/solutions/instaspin_foc/boards/hvkit_rev1p1/f28x/f2806xF/src" --include_path="C:/ti/ccsv6/tools/compiler/ti-cgt-c2000_6.4.10/include" --include_path="C:/Dropbox (TeamGVA)/Root/EV/code/motorware_1_01_00_16" -g --define=FAST_ROM_V1p6 --diag_warning=225 --display_error_number --preproc_with_compile --preproc_dependency="clk.pp"  "C:/Dropbox (TeamGVA)/Root/EV/code/motorware_1_01_00_16/sw/drivers/clk/src/32b/f28x/f2806x/clk.c"
'Finished building: C:/Dropbox (TeamGVA)/Root/EV/code/motorware_1_01_00_16/sw/drivers/clk/src/32b/f28x/f2806x/clk.c'
' '
'Building file: C:/Dropbox (TeamGVA)/Root/EV/code/motorware_1_01_00_16/sw/drivers/cpu/src/32b/f28x/f2806x/cpu.c'
'Invoking: C2000 Compiler'
"C:/ti/ccsv6/tools/compiler/ti-cgt-c2000_6.4.10/bin/cl2000" -v28 -ml -mt --float_support=fpu32 -O2 --include_path="C:/Dropbox (TeamGVA)/Root/EV/code/motorware_1_01_00_16/sw/modules/hal/boards/hvkit_rev1p1/f28x/f2806x/src/" --include_path="C:/Dropbox (TeamGVA)/Root/EV/code/motorware_1_01_00_16/sw/solutions/instaspin_foc/boards/hvkit_rev1p1/f28x/f2806xF/src" --include_path="C:/ti/ccsv6/tools/compiler/ti-cgt-c2000_6.4.10/include" --include_path="C:/Dropbox (TeamGVA)/Root/EV/code/motorware_1_01_00_16" -g --define=FAST_ROM_V1p6 --diag_warning=225 --display_error_number --preproc_with_compile --preproc_dependency="cpu.pp"  "C:/Dropbox (TeamGVA)/Root/EV/code/motorware_1_01_00_16/sw/drivers/cpu/src/32b/f28x/f2806x/cpu.c"
'Finished building: C:/Dropbox (TeamGVA)/Root/EV/code/motorware_1_01_00_16/sw/drivers/cpu/src/32b/f28x/f2806x/cpu.c'
' '
'Building file: C:/Dropbox (TeamGVA)/Root/EV/code/motorware_1_01_00_16/sw/modules/ctrl/src/32b/ctrl.c'
'Invoking: C2000 Compiler'
"C:/ti/ccsv6/tools/compiler/ti-cgt-c2000_6.4.10/bin/cl2000" -v28 -ml -mt --float_support=fpu32 -O2 --include_path="C:/Dropbox (TeamGVA)/Root/EV/code/motorware_1_01_00_16/sw/modules/hal/boards/hvkit_rev1p1/f28x/f2806x/src/" --include_path="C:/Dropbox (TeamGVA)/Root/EV/code/motorware_1_01_00_16/sw/solutions/instaspin_foc/boards/hvkit_rev1p1/f28x/f2806xF/src" --include_path="C:/ti/ccsv6/tools/compiler/ti-cgt-c2000_6.4.10/include" --include_path="C:/Dropbox (TeamGVA)/Root/EV/code/motorware_1_01_00_16" -g --define=FAST_ROM_V1p6 --diag_warning=225 --display_error_number --preproc_with_compile --preproc_dependency="ctrl.pp"  "C:/Dropbox (TeamGVA)/Root/EV/code/motorware_1_01_00_16/sw/modules/ctrl/src/32b/ctrl.c"
'Finished building: C:/Dropbox (TeamGVA)/Root/EV/code/motorware_1_01_00_16/sw/modules/ctrl/src/32b/ctrl.c'
' '
'Building file: C:/Dropbox (TeamGVA)/Root/EV/code/motorware_1_01_00_16/sw/modules/filter/src/32b/filter_fo.c'
'Invoking: C2000 Compiler'
"C:/ti/ccsv6/tools/compiler/ti-cgt-c2000_6.4.10/bin/cl2000" -v28 -ml -mt --float_support=fpu32 -O2 --include_path="C:/Dropbox (TeamGVA)/Root/EV/code/motorware_1_01_00_16/sw/modules/hal/boards/hvkit_rev1p1/f28x/f2806x/src/" --include_path="C:/Dropbox (TeamGVA)/Root/EV/code/motorware_1_01_00_16/sw/solutions/instaspin_foc/boards/hvkit_rev1p1/f28x/f2806xF/src" --include_path="C:/ti/ccsv6/tools/compiler/ti-cgt-c2000_6.4.10/include" --include_path="C:/Dropbox (TeamGVA)/Root/EV/code/motorware_1_01_00_16" -g --define=FAST_ROM_V1p6 --diag_warning=225 --display_error_number --preproc_with_compile --preproc_dependency="filter_fo.pp"  "C:/Dropbox (TeamGVA)/Root/EV/code/motorware_1_01_00_16/sw/modules/filter/src/32b/filter_fo.c"
'Finished building: C:/Dropbox (TeamGVA)/Root/EV/code/motorware_1_01_00_16/sw/modules/filter/src/32b/filter_fo.c'
' '
'Building file: C:/Dropbox (TeamGVA)/Root/EV/code/motorware_1_01_00_16/sw/drivers/flash/src/32b/f28x/f2806x/flash.c'
'Invoking: C2000 Compiler'
"C:/ti/ccsv6/tools/compiler/ti-cgt-c2000_6.4.10/bin/cl2000" -v28 -ml -mt --float_support=fpu32 -O2 --include_path="C:/Dropbox (TeamGVA)/Root/EV/code/motorware_1_01_00_16/sw/modules/hal/boards/hvkit_rev1p1/f28x/f2806x/src/" --include_path="C:/Dropbox (TeamGVA)/Root/EV/code/motorware_1_01_00_16/sw/solutions/instaspin_foc/boards/hvkit_rev1p1/f28x/f2806xF/src" --include_path="C:/ti/ccsv6/tools/compiler/ti-cgt-c2000_6.4.10/include" --include_path="C:/Dropbox (TeamGVA)/Root/EV/code/motorware_1_01_00_16" -g --define=FAST_ROM_V1p6 --diag_warning=225 --display_error_number --preproc_with_compile --preproc_dependency="flash.pp"  "C:/Dropbox (TeamGVA)/Root/EV/code/motorware_1_01_00_16/sw/drivers/flash/src/32b/f28x/f2806x/flash.c"
'Finished building: C:/Dropbox (TeamGVA)/Root/EV/code/motorware_1_01_00_16/sw/drivers/flash/src/32b/f28x/f2806x/flash.c'
' '
'Building file: C:/Dropbox (TeamGVA)/Root/EV/code/motorware_1_01_00_16/sw/drivers/gpio/src/32b/f28x/f2806x/gpio.c'
'Invoking: C2000 Compiler'
"C:/ti/ccsv6/tools/compiler/ti-cgt-c2000_6.4.10/bin/cl2000" -v28 -ml -mt --float_support=fpu32 -O2 --include_path="C:/Dropbox (TeamGVA)/Root/EV/code/motorware_1_01_00_16/sw/modules/hal/boards/hvkit_rev1p1/f28x/f2806x/src/" --include_path="C:/Dropbox (TeamGVA)/Root/EV/code/motorware_1_01_00_16/sw/solutions/instaspin_foc/boards/hvkit_rev1p1/f28x/f2806xF/src" --include_path="C:/ti/ccsv6/tools/compiler/ti-cgt-c2000_6.4.10/include" --include_path="C:/Dropbox (TeamGVA)/Root/EV/code/motorware_1_01_00_16" -g --define=FAST_ROM_V1p6 --diag_warning=225 --display_error_number --preproc_with_compile --preproc_dependency="gpio.pp"  "C:/Dropbox (TeamGVA)/Root/EV/code/motorware_1_01_00_16/sw/drivers/gpio/src/32b/f28x/f2806x/gpio.c"
'Finished building: C:/Dropbox (TeamGVA)/Root/EV/code/motorware_1_01_00_16/sw/drivers/gpio/src/32b/f28x/f2806x/gpio.c'
' '
'Building file: C:/Dropbox (TeamGVA)/Root/EV/code/motorware_1_01_00_16/sw/modules/hal/boards/hvkit_rev1p1/f28x/f2806x/src/hal.c'
'Invoking: C2000 Compiler'
"C:/ti/ccsv6/tools/compiler/ti-cgt-c2000_6.4.10/bin/cl2000" -v28 -ml -mt --float_support=fpu32 -O2 --include_path="C:/Dropbox (TeamGVA)/Root/EV/code/motorware_1_01_00_16/sw/modules/hal/boards/hvkit_rev1p1/f28x/f2806x/src/" --include_path="C:/Dropbox (TeamGVA)/Root/EV/code/motorware_1_01_00_16/sw/solutions/instaspin_foc/boards/hvkit_rev1p1/f28x/f2806xF/src" --include_path="C:/ti/ccsv6/tools/compiler/ti-cgt-c2000_6.4.10/include" --include_path="C:/Dropbox (TeamGVA)/Root/EV/code/motorware_1_01_00_16" -g --define=FAST_ROM_V1p6 --diag_warning=225 --display_error_number --preproc_with_compile --preproc_dependency="hal.pp"  "C:/Dropbox (TeamGVA)/Root/EV/code/motorware_1_01_00_16/sw/modules/hal/boards/hvkit_rev1p1/f28x/f2806x/src/hal.c"
'Finished building: C:/Dropbox (TeamGVA)/Root/EV/code/motorware_1_01_00_16/sw/modules/hal/boards/hvkit_rev1p1/f28x/f2806x/src/hal.c'
' '
'Building file: C:/Dropbox (TeamGVA)/Root/EV/code/motorware_1_01_00_16/sw/modules/ipark/src/32b/ipark.c'
'Invoking: C2000 Compiler'
"C:/ti/ccsv6/tools/compiler/ti-cgt-c2000_6.4.10/bin/cl2000" -v28 -ml -mt --float_support=fpu32 -O2 --include_path="C:/Dropbox (TeamGVA)/Root/EV/code/motorware_1_01_00_16/sw/modules/hal/boards/hvkit_rev1p1/f28x/f2806x/src/" --include_path="C:/Dropbox (TeamGVA)/Root/EV/code/motorware_1_01_00_16/sw/solutions/instaspin_foc/boards/hvkit_rev1p1/f28x/f2806xF/src" --include_path="C:/ti/ccsv6/tools/compiler/ti-cgt-c2000_6.4.10/include" --include_path="C:/Dropbox (TeamGVA)/Root/EV/code/motorware_1_01_00_16" -g --define=FAST_ROM_V1p6 --diag_warning=225 --display_error_number --preproc_with_compile --preproc_dependency="ipark.pp"  "C:/Dropbox (TeamGVA)/Root/EV/code/motorware_1_01_00_16/sw/modules/ipark/src/32b/ipark.c"
'Finished building: C:/Dropbox (TeamGVA)/Root/EV/code/motorware_1_01_00_16/sw/modules/ipark/src/32b/ipark.c'
' '
'Building file: C:/Dropbox (TeamGVA)/Root/EV/code/motorware_1_01_00_16/sw/modules/offset/src/32b/offset.c'
'Invoking: C2000 Compiler'
"C:/ti/ccsv6/tools/compiler/ti-cgt-c2000_6.4.10/bin/cl2000" -v28 -ml -mt --float_support=fpu32 -O2 --include_path="C:/Dropbox (TeamGVA)/Root/EV/code/motorware_1_01_00_16/sw/modules/hal/boards/hvkit_rev1p1/f28x/f2806x/src/" --include_path="C:/Dropbox (TeamGVA)/Root/EV/code/motorware_1_01_00_16/sw/solutions/instaspin_foc/boards/hvkit_rev1p1/f28x/f2806xF/src" --include_path="C:/ti/ccsv6/tools/compiler/ti-cgt-c2000_6.4.10/include" --include_path="C:/Dropbox (TeamGVA)/Root/EV/code/motorware_1_01_00_16" -g --define=FAST_ROM_V1p6 --diag_warning=225 --display_error_number --preproc_with_compile --preproc_dependency="offset.pp"  "C:/Dropbox (TeamGVA)/Root/EV/code/motorware_1_01_00_16/sw/modules/offset/src/32b/offset.c"
'Finished building: C:/Dropbox (TeamGVA)/Root/EV/code/motorware_1_01_00_16/sw/modules/offset/src/32b/offset.c'
' '
'Building file: C:/Dropbox (TeamGVA)/Root/EV/code/motorware_1_01_00_16/sw/drivers/osc/src/32b/f28x/f2806x/osc.c'
'Invoking: C2000 Compiler'
"C:/ti/ccsv6/tools/compiler/ti-cgt-c2000_6.4.10/bin/cl2000" -v28 -ml -mt --float_support=fpu32 -O2 --include_path="C:/Dropbox (TeamGVA)/Root/EV/code/motorware_1_01_00_16/sw/modules/hal/boards/hvkit_rev1p1/f28x/f2806x/src/" --include_path="C:/Dropbox (TeamGVA)/Root/EV/code/motorware_1_01_00_16/sw/solutions/instaspin_foc/boards/hvkit_rev1p1/f28x/f2806xF/src" --include_path="C:/ti/ccsv6/tools/compiler/ti-cgt-c2000_6.4.10/include" --include_path="C:/Dropbox (TeamGVA)/Root/EV/code/motorware_1_01_00_16" -g --define=FAST_ROM_V1p6 --diag_warning=225 --display_error_number --preproc_with_compile --preproc_dependency="osc.pp"  "C:/Dropbox (TeamGVA)/Root/EV/code/motorware_1_01_00_16/sw/drivers/osc/src/32b/f28x/f2806x/osc.c"
'Finished building: C:/Dropbox (TeamGVA)/Root/EV/code/motorware_1_01_00_16/sw/drivers/osc/src/32b/f28x/f2806x/osc.c'
' '
'Building file: C:/Dropbox (TeamGVA)/Root/EV/code/motorware_1_01_00_16/sw/modules/park/src/32b/park.c'
'Invoking: C2000 Compiler'
"C:/ti/ccsv6/tools/compiler/ti-cgt-c2000_6.4.10/bin/cl2000" -v28 -ml -mt --float_support=fpu32 -O2 --include_path="C:/Dropbox (TeamGVA)/Root/EV/code/motorware_1_01_00_16/sw/modules/hal/boards/hvkit_rev1p1/f28x/f2806x/src/" --include_path="C:/Dropbox (TeamGVA)/Root/EV/code/motorware_1_01_00_16/sw/solutions/instaspin_foc/boards/hvkit_rev1p1/f28x/f2806xF/src" --include_path="C:/ti/ccsv6/tools/compiler/ti-cgt-c2000_6.4.10/include" --include_path="C:/Dropbox (TeamGVA)/Root/EV/code/motorware_1_01_00_16" -g --define=FAST_ROM_V1p6 --diag_warning=225 --display_error_number --preproc_with_compile --preproc_dependency="park.pp"  "C:/Dropbox (TeamGVA)/Root/EV/code/motorware_1_01_00_16/sw/modules/park/src/32b/park.c"
'Finished building: C:/Dropbox (TeamGVA)/Root/EV/code/motorware_1_01_00_16/sw/modules/park/src/32b/park.c'
' '
'Building file: C:/Dropbox (TeamGVA)/Root/EV/code/motorware_1_01_00_16/sw/modules/pid/src/32b/pid.c'
'Invoking: C2000 Compiler'
"C:/ti/ccsv6/tools/compiler/ti-cgt-c2000_6.4.10/bin/cl2000" -v28 -ml -mt --float_support=fpu32 -O2 --include_path="C:/Dropbox (TeamGVA)/Root/EV/code/motorware_1_01_00_16/sw/modules/hal/boards/hvkit_rev1p1/f28x/f2806x/src/" --include_path="C:/Dropbox (TeamGVA)/Root/EV/code/motorware_1_01_00_16/sw/solutions/instaspin_foc/boards/hvkit_rev1p1/f28x/f2806xF/src" --include_path="C:/ti/ccsv6/tools/compiler/ti-cgt-c2000_6.4.10/include" --include_path="C:/Dropbox (TeamGVA)/Root/EV/code/motorware_1_01_00_16" -g --define=FAST_ROM_V1p6 --diag_warning=225 --display_error_number --preproc_with_compile --preproc_dependency="pid.pp"  "C:/Dropbox (TeamGVA)/Root/EV/code/motorware_1_01_00_16/sw/modules/pid/src/32b/pid.c"
'Finished building: C:/Dropbox (TeamGVA)/Root/EV/code/motorware_1_01_00_16/sw/modules/pid/src/32b/pid.c'
' '
'Building file: C:/Dropbox (TeamGVA)/Root/EV/code/motorware_1_01_00_16/sw/drivers/pie/src/32b/f28x/f2806x/pie.c'
'Invoking: C2000 Compiler'
"C:/ti/ccsv6/tools/compiler/ti-cgt-c2000_6.4.10/bin/cl2000" -v28 -ml -mt --float_support=fpu32 -O2 --include_path="C:/Dropbox (TeamGVA)/Root/EV/code/motorware_1_01_00_16/sw/modules/hal/boards/hvkit_rev1p1/f28x/f2806x/src/" --include_path="C:/Dropbox (TeamGVA)/Root/EV/code/motorware_1_01_00_16/sw/solutions/instaspin_foc/boards/hvkit_rev1p1/f28x/f2806xF/src" --include_path="C:/ti/ccsv6/tools/compiler/ti-cgt-c2000_6.4.10/include" --include_path="C:/Dropbox (TeamGVA)/Root/EV/code/motorware_1_01_00_16" -g --define=FAST_ROM_V1p6 --diag_warning=225 --display_error_number --preproc_with_compile --preproc_dependency="pie.pp"  "C:/Dropbox (TeamGVA)/Root/EV/code/motorware_1_01_00_16/sw/drivers/pie/src/32b/f28x/f2806x/pie.c"
'Finished building: C:/Dropbox (TeamGVA)/Root/EV/code/motorware_1_01_00_16/sw/drivers/pie/src/32b/f28x/f2806x/pie.c'
' '
'Building file: C:/Dropbox (TeamGVA)/Root/EV/code/motorware_1_01_00_16/sw/drivers/pll/src/32b/f28x/f2806x/pll.c'
'Invoking: C2000 Compiler'
"C:/ti/ccsv6/tools/compiler/ti-cgt-c2000_6.4.10/bin/cl2000" -v28 -ml -mt --float_support=fpu32 -O2 --include_path="C:/Dropbox (TeamGVA)/Root/EV/code/motorware_1_01_00_16/sw/modules/hal/boards/hvkit_rev1p1/f28x/f2806x/src/" --include_path="C:/Dropbox (TeamGVA)/Root/EV/code/motorware_1_01_00_16/sw/solutions/instaspin_foc/boards/hvkit_rev1p1/f28x/f2806xF/src" --include_path="C:/ti/ccsv6/tools/compiler/ti-cgt-c2000_6.4.10/include" --include_path="C:/Dropbox (TeamGVA)/Root/EV/code/motorware_1_01_00_16" -g --define=FAST_ROM_V1p6 --diag_warning=225 --display_error_number --preproc_with_compile --preproc_dependency="pll.pp"  "C:/Dropbox (TeamGVA)/Root/EV/code/motorware_1_01_00_16/sw/drivers/pll/src/32b/f28x/f2806x/pll.c"
'Finished building: C:/Dropbox (TeamGVA)/Root/EV/code/motorware_1_01_00_16/sw/drivers/pll/src/32b/f28x/f2806x/pll.c'
' '
'Building file: C:/Dropbox (TeamGVA)/Root/EV/code/motorware_1_01_00_16/sw/solutions/instaspin_foc/src/proj_lab02d.c'
'Invoking: C2000 Compiler'
"C:/ti/ccsv6/tools/compiler/ti-cgt-c2000_6.4.10/bin/cl2000" -v28 -ml -mt --float_support=fpu32 -O2 --include_path="C:/Dropbox (TeamGVA)/Root/EV/code/motorware_1_01_00_16/sw/modules/hal/boards/hvkit_rev1p1/f28x/f2806x/src/" --include_path="C:/Dropbox (TeamGVA)/Root/EV/code/motorware_1_01_00_16/sw/solutions/instaspin_foc/boards/hvkit_rev1p1/f28x/f2806xF/src" --include_path="C:/ti/ccsv6/tools/compiler/ti-cgt-c2000_6.4.10/include" --include_path="C:/Dropbox (TeamGVA)/Root/EV/code/motorware_1_01_00_16" -g --define=FAST_ROM_V1p6 --diag_warning=225 --display_error_number --preproc_with_compile --preproc_dependency="proj_lab02d.pp"  "C:/Dropbox (TeamGVA)/Root/EV/code/motorware_1_01_00_16/sw/solutions/instaspin_foc/src/proj_lab02d.c"
'Finished building: C:/Dropbox (TeamGVA)/Root/EV/code/motorware_1_01_00_16/sw/solutions/instaspin_foc/src/proj_lab02d.c'
' '
'Building file: C:/Dropbox (TeamGVA)/Root/EV/code/motorware_1_01_00_16/sw/drivers/pwm/src/32b/f28x/f2806x/pwm.c'
'Invoking: C2000 Compiler'
"C:/ti/ccsv6/tools/compiler/ti-cgt-c2000_6.4.10/bin/cl2000" -v28 -ml -mt --float_support=fpu32 -O2 --include_path="C:/Dropbox (TeamGVA)/Root/EV/code/motorware_1_01_00_16/sw/modules/hal/boards/hvkit_rev1p1/f28x/f2806x/src/" --include_path="C:/Dropbox (TeamGVA)/Root/EV/code/motorware_1_01_00_16/sw/solutions/instaspin_foc/boards/hvkit_rev1p1/f28x/f2806xF/src" --include_path="C:/ti/ccsv6/tools/compiler/ti-cgt-c2000_6.4.10/include" --include_path="C:/Dropbox (TeamGVA)/Root/EV/code/motorware_1_01_00_16" -g --define=FAST_ROM_V1p6 --diag_warning=225 --display_error_number --preproc_with_compile --preproc_dependency="pwm.pp"  "C:/Dropbox (TeamGVA)/Root/EV/code/motorware_1_01_00_16/sw/drivers/pwm/src/32b/f28x/f2806x/pwm.c"
'Finished building: C:/Dropbox (TeamGVA)/Root/EV/code/motorware_1_01_00_16/sw/drivers/pwm/src/32b/f28x/f2806x/pwm.c'
' '
'Building file: C:/Dropbox (TeamGVA)/Root/EV/code/motorware_1_01_00_16/sw/drivers/pwr/src/32b/f28x/f2806x/pwr.c'
'Invoking: C2000 Compiler'
"C:/ti/ccsv6/tools/compiler/ti-cgt-c2000_6.4.10/bin/cl2000" -v28 -ml -mt --float_support=fpu32 -O2 --include_path="C:/Dropbox (TeamGVA)/Root/EV/code/motorware_1_01_00_16/sw/modules/hal/boards/hvkit_rev1p1/f28x/f2806x/src/" --include_path="C:/Dropbox (TeamGVA)/Root/EV/code/motorware_1_01_00_16/sw/solutions/instaspin_foc/boards/hvkit_rev1p1/f28x/f2806xF/src" --include_path="C:/ti/ccsv6/tools/compiler/ti-cgt-c2000_6.4.10/include" --include_path="C:/Dropbox (TeamGVA)/Root/EV/code/motorware_1_01_00_16" -g --define=FAST_ROM_V1p6 --diag_warning=225 --display_error_number --preproc_with_compile --preproc_dependency="pwr.pp"  "C:/Dropbox (TeamGVA)/Root/EV/code/motorware_1_01_00_16/sw/drivers/pwr/src/32b/f28x/f2806x/pwr.c"
'Finished building: C:/Dropbox (TeamGVA)/Root/EV/code/motorware_1_01_00_16/sw/drivers/pwr/src/32b/f28x/f2806x/pwr.c'
' '
'Building file: C:/Dropbox (TeamGVA)/Root/EV/code/motorware_1_01_00_16/sw/modules/svgen/src/32b/svgen.c'
'Invoking: C2000 Compiler'
"C:/ti/ccsv6/tools/compiler/ti-cgt-c2000_6.4.10/bin/cl2000" -v28 -ml -mt --float_support=fpu32 -O2 --include_path="C:/Dropbox (TeamGVA)/Root/EV/code/motorware_1_01_00_16/sw/modules/hal/boards/hvkit_rev1p1/f28x/f2806x/src/" --include_path="C:/Dropbox (TeamGVA)/Root/EV/code/motorware_1_01_00_16/sw/solutions/instaspin_foc/boards/hvkit_rev1p1/f28x/f2806xF/src" --include_path="C:/ti/ccsv6/tools/compiler/ti-cgt-c2000_6.4.10/include" --include_path="C:/Dropbox (TeamGVA)/Root/EV/code/motorware_1_01_00_16" -g --define=FAST_ROM_V1p6 --diag_warning=225 --display_error_number --preproc_with_compile --preproc_dependency="svgen.pp"  "C:/Dropbox (TeamGVA)/Root/EV/code/motorware_1_01_00_16/sw/modules/svgen/src/32b/svgen.c"
'Finished building: C:/Dropbox (TeamGVA)/Root/EV/code/motorware_1_01_00_16/sw/modules/svgen/src/32b/svgen.c'
' '
'Building file: C:/Dropbox (TeamGVA)/Root/EV/code/motorware_1_01_00_16/sw/drivers/timer/src/32b/f28x/f2806x/timer.c'
'Invoking: C2000 Compiler'
"C:/ti/ccsv6/tools/compiler/ti-cgt-c2000_6.4.10/bin/cl2000" -v28 -ml -mt --float_support=fpu32 -O2 --include_path="C:/Dropbox (TeamGVA)/Root/EV/code/motorware_1_01_00_16/sw/modules/hal/boards/hvkit_rev1p1/f28x/f2806x/src/" --include_path="C:/Dropbox (TeamGVA)/Root/EV/code/motorware_1_01_00_16/sw/solutions/instaspin_foc/boards/hvkit_rev1p1/f28x/f2806xF/src" --include_path="C:/ti/ccsv6/tools/compiler/ti-cgt-c2000_6.4.10/include" --include_path="C:/Dropbox (TeamGVA)/Root/EV/code/motorware_1_01_00_16" -g --define=FAST_ROM_V1p6 --diag_warning=225 --display_error_number --preproc_with_compile --preproc_dependency="timer.pp"  "C:/Dropbox (TeamGVA)/Root/EV/code/motorware_1_01_00_16/sw/drivers/timer/src/32b/f28x/f2806x/timer.c"
'Finished building: C:/Dropbox (TeamGVA)/Root/EV/code/motorware_1_01_00_16/sw/drivers/timer/src/32b/f28x/f2806x/timer.c'
' '
'Building file: C:/Dropbox (TeamGVA)/Root/EV/code/motorware_1_01_00_16/sw/modules/traj/src/32b/traj.c'
'Invoking: C2000 Compiler'
"C:/ti/ccsv6/tools/compiler/ti-cgt-c2000_6.4.10/bin/cl2000" -v28 -ml -mt --float_support=fpu32 -O2 --include_path="C:/Dropbox (TeamGVA)/Root/EV/code/motorware_1_01_00_16/sw/modules/hal/boards/hvkit_rev1p1/f28x/f2806x/src/" --include_path="C:/Dropbox (TeamGVA)/Root/EV/code/motorware_1_01_00_16/sw/solutions/instaspin_foc/boards/hvkit_rev1p1/f28x/f2806xF/src" --include_path="C:/ti/ccsv6/tools/compiler/ti-cgt-c2000_6.4.10/include" --include_path="C:/Dropbox (TeamGVA)/Root/EV/code/motorware_1_01_00_16" -g --define=FAST_ROM_V1p6 --diag_warning=225 --display_error_number --preproc_with_compile --preproc_dependency="traj.pp"  "C:/Dropbox (TeamGVA)/Root/EV/code/motorware_1_01_00_16/sw/modules/traj/src/32b/traj.c"
'Finished building: C:/Dropbox (TeamGVA)/Root/EV/code/motorware_1_01_00_16/sw/modules/traj/src/32b/traj.c'
' '
'Building file: C:/Dropbox (TeamGVA)/Root/EV/code/motorware_1_01_00_16/sw/modules/usDelay/src/32b/f28x/usDelay.asm'
'Invoking: C2000 Compiler'
"C:/ti/ccsv6/tools/compiler/ti-cgt-c2000_6.4.10/bin/cl2000" -v28 -ml -mt --float_support=fpu32 -O2 --include_path="C:/Dropbox (TeamGVA)/Root/EV/code/motorware_1_01_00_16/sw/modules/hal/boards/hvkit_rev1p1/f28x/f2806x/src/" --include_path="C:/Dropbox (TeamGVA)/Root/EV/code/motorware_1_01_00_16/sw/solutions/instaspin_foc/boards/hvkit_rev1p1/f28x/f2806xF/src" --include_path="C:/ti/ccsv6/tools/compiler/ti-cgt-c2000_6.4.10/include" --include_path="C:/Dropbox (TeamGVA)/Root/EV/code/motorware_1_01_00_16" -g --define=FAST_ROM_V1p6 --diag_warning=225 --display_error_number --preproc_with_compile --preproc_dependency="usDelay.pp"  "C:/Dropbox (TeamGVA)/Root/EV/code/motorware_1_01_00_16/sw/modules/usDelay/src/32b/f28x/usDelay.asm"
'Finished building: C:/Dropbox (TeamGVA)/Root/EV/code/motorware_1_01_00_16/sw/modules/usDelay/src/32b/f28x/usDelay.asm'
' '
'Building file: C:/Dropbox (TeamGVA)/Root/EV/code/motorware_1_01_00_16/sw/modules/user/src/32b/user.c'
'Invoking: C2000 Compiler'
"C:/ti/ccsv6/tools/compiler/ti-cgt-c2000_6.4.10/bin/cl2000" -v28 -ml -mt --float_support=fpu32 -O2 --include_path="C:/Dropbox (TeamGVA)/Root/EV/code/motorware_1_01_00_16/sw/modules/hal/boards/hvkit_rev1p1/f28x/f2806x/src/" --include_path="C:/Dropbox (TeamGVA)/Root/EV/code/motorware_1_01_00_16/sw/solutions/instaspin_foc/boards/hvkit_rev1p1/f28x/f2806xF/src" --include_path="C:/ti/ccsv6/tools/compiler/ti-cgt-c2000_6.4.10/include" --include_path="C:/Dropbox (TeamGVA)/Root/EV/code/motorware_1_01_00_16" -g --define=FAST_ROM_V1p6 --diag_warning=225 --display_error_number --preproc_with_compile --preproc_dependency="user.pp"  "C:/Dropbox (TeamGVA)/Root/EV/code/motorware_1_01_00_16/sw/modules/user/src/32b/user.c"
'Finished building: C:/Dropbox (TeamGVA)/Root/EV/code/motorware_1_01_00_16/sw/modules/user/src/32b/user.c'
' '
'Building file: C:/Dropbox (TeamGVA)/Root/EV/code/motorware_1_01_00_16/sw/drivers/wdog/src/32b/f28x/f2806x/wdog.c'
'Invoking: C2000 Compiler'
"C:/ti/ccsv6/tools/compiler/ti-cgt-c2000_6.4.10/bin/cl2000" -v28 -ml -mt --float_support=fpu32 -O2 --include_path="C:/Dropbox (TeamGVA)/Root/EV/code/motorware_1_01_00_16/sw/modules/hal/boards/hvkit_rev1p1/f28x/f2806x/src/" --include_path="C:/Dropbox (TeamGVA)/Root/EV/code/motorware_1_01_00_16/sw/solutions/instaspin_foc/boards/hvkit_rev1p1/f28x/f2806xF/src" --include_path="C:/ti/ccsv6/tools/compiler/ti-cgt-c2000_6.4.10/include" --include_path="C:/Dropbox (TeamGVA)/Root/EV/code/motorware_1_01_00_16" -g --define=FAST_ROM_V1p6 --diag_warning=225 --display_error_number --preproc_with_compile --preproc_dependency="wdog.pp"  "C:/Dropbox (TeamGVA)/Root/EV/code/motorware_1_01_00_16/sw/drivers/wdog/src/32b/f28x/f2806x/wdog.c"
'Finished building: C:/Dropbox (TeamGVA)/Root/EV/code/motorware_1_01_00_16/sw/drivers/wdog/src/32b/f28x/f2806x/wdog.c'
' '
'Building target: proj_lab02d.out'
'Invoking: C2000 Linker'
"C:/ti/ccsv6/tools/compiler/ti-cgt-c2000_6.4.10/bin/cl2000" -v28 -ml -mt --float_support=fpu32 -O2 -g --define=FAST_ROM_V1p6 --diag_warning=225 --display_error_number -z -m"proj_lab02d.map" --stack_size=0x3B0 --warn_sections -i"C:/ti/ccsv6/tools/compiler/ti-cgt-c2000_6.4.10/lib" -i"C:/ti/ccsv6/tools/compiler/ti-cgt-c2000_6.4.10/include" --priority --reread_libs --disable_auto_rts --diag_suppress=16002 --xml_link_info="proj_lab02d_linkInfo.xml" --rom_model -o "proj_lab02d.out" -l"rts2800_fpu32.lib" "C:/Dropbox (TeamGVA)/Root/EV/code/motorware_1_01_00_16/sw/modules/fast/lib/32b/f28x/f2806x/2806xRevB_FastSpinROMSymbols_fpu32.lib" "C:/Dropbox (TeamGVA)/Root/EV/code/motorware_1_01_00_16/sw/modules/iqmath/lib/f28x/float/IQmath_fpu32.lib" "./CodeStartBranch.obj" "./adc.obj" "./clarke.obj" "./clk.obj" "./cpu.obj" "./ctrl.obj" "./filter_fo.obj" "./flash.obj" "./gpio.obj" "./hal.obj" "./ipark.obj" "./offset.obj" "./osc.obj" "./park.obj" "./pid.obj" "./pie.obj" "./pll.obj" "./proj_lab02d.obj" "./pwm.obj" "./pwr.obj" "./svgen.obj" "./timer.obj" "./traj.obj" "./usDelay.obj" "./user.obj" "./wdog.obj" "C:/Dropbox (TeamGVA)/Root/EV/code/motorware_1_01_00_16/sw/ide/ccs/cmd/f2806x/f28069F_ram_lnk.cmd"  
<Linking>

 undefined first referenced
  symbol       in file     
 --------- ----------------
 _QEP_init ./hal.obj       

error #10234-D: unresolved symbols remain
error #10010: errors encountered during linking; "proj_lab02d.out" not built

>> Compilation failure
gmake: *** [proj_lab02d.out] Error 1
gmake: Target `all' not remade because of errors.

**** Build Finished ****
