
**** Build of configuration Debug for project umc3_example1 ****

"C:\\ti\\ccsv6\\utils\\bin\\gmake" -k all 
'Building file: C:/work/git/umclib/drivers/cpu/src/32b/f28x/f2806x/CodeStartBranch.asm'
'Invoking: C2000 Compiler'
"C:/ti/ccsv6/tools/compiler/ti-cgt-c2000_6.4.10/bin/cl2000" -v28 -ml -mt --float_support=fpu32 -O2 --include_path="C:/ti/ccsv6/tools/compiler/ti-cgt-c2000_6.4.10/include" --include_path="C:/work/git/umcapps/tests/umc_periph_test/" --include_path="C:/work/git/umclib/modules/hal/boards/umc3/src/" --include_path="C:/work/git/umclib/" --advice:performance=all -g --define=FAST_ROM_V1p6 --diag_warning=225 --display_error_number --diag_wrap=off --preproc_with_compile --preproc_dependency="CodeStartBranch.pp"  "C:/work/git/umclib/drivers/cpu/src/32b/f28x/f2806x/CodeStartBranch.asm"
'Finished building: C:/work/git/umclib/drivers/cpu/src/32b/f28x/f2806x/CodeStartBranch.asm'
' '
'Building file: C:/work/git/umclib/drivers/adc/src/32b/f28x/f2806x/adc.c'
'Invoking: C2000 Compiler'
"C:/ti/ccsv6/tools/compiler/ti-cgt-c2000_6.4.10/bin/cl2000" -v28 -ml -mt --float_support=fpu32 -O2 --include_path="C:/ti/ccsv6/tools/compiler/ti-cgt-c2000_6.4.10/include" --include_path="C:/work/git/umcapps/tests/umc_periph_test/" --include_path="C:/work/git/umclib/modules/hal/boards/umc3/src/" --include_path="C:/work/git/umclib/" --advice:performance=all -g --define=FAST_ROM_V1p6 --diag_warning=225 --display_error_number --diag_wrap=off --preproc_with_compile --preproc_dependency="adc.pp"  "C:/work/git/umclib/drivers/adc/src/32b/f28x/f2806x/adc.c"
'Finished building: C:/work/git/umclib/drivers/adc/src/32b/f28x/f2806x/adc.c'
' '
'Building file: C:/work/git/umclib/modules/clarke/src/32b/clarke.c'
'Invoking: C2000 Compiler'
"C:/ti/ccsv6/tools/compiler/ti-cgt-c2000_6.4.10/bin/cl2000" -v28 -ml -mt --float_support=fpu32 -O2 --include_path="C:/ti/ccsv6/tools/compiler/ti-cgt-c2000_6.4.10/include" --include_path="C:/work/git/umcapps/tests/umc_periph_test/" --include_path="C:/work/git/umclib/modules/hal/boards/umc3/src/" --include_path="C:/work/git/umclib/" --advice:performance=all -g --define=FAST_ROM_V1p6 --diag_warning=225 --display_error_number --diag_wrap=off --preproc_with_compile --preproc_dependency="clarke.pp"  "C:/work/git/umclib/modules/clarke/src/32b/clarke.c"
'Finished building: C:/work/git/umclib/modules/clarke/src/32b/clarke.c'
' '
'Building file: C:/work/git/umclib/drivers/clk/src/32b/f28x/f2806x/clk.c'
'Invoking: C2000 Compiler'
"C:/ti/ccsv6/tools/compiler/ti-cgt-c2000_6.4.10/bin/cl2000" -v28 -ml -mt --float_support=fpu32 -O2 --include_path="C:/ti/ccsv6/tools/compiler/ti-cgt-c2000_6.4.10/include" --include_path="C:/work/git/umcapps/tests/umc_periph_test/" --include_path="C:/work/git/umclib/modules/hal/boards/umc3/src/" --include_path="C:/work/git/umclib/" --advice:performance=all -g --define=FAST_ROM_V1p6 --diag_warning=225 --display_error_number --diag_wrap=off --preproc_with_compile --preproc_dependency="clk.pp"  "C:/work/git/umclib/drivers/clk/src/32b/f28x/f2806x/clk.c"
'Finished building: C:/work/git/umclib/drivers/clk/src/32b/f28x/f2806x/clk.c'
' '
'Building file: C:/work/git/umclib/drivers/cpu/src/32b/f28x/f2806x/cpu.c'
'Invoking: C2000 Compiler'
"C:/ti/ccsv6/tools/compiler/ti-cgt-c2000_6.4.10/bin/cl2000" -v28 -ml -mt --float_support=fpu32 -O2 --include_path="C:/ti/ccsv6/tools/compiler/ti-cgt-c2000_6.4.10/include" --include_path="C:/work/git/umcapps/tests/umc_periph_test/" --include_path="C:/work/git/umclib/modules/hal/boards/umc3/src/" --include_path="C:/work/git/umclib/" --advice:performance=all -g --define=FAST_ROM_V1p6 --diag_warning=225 --display_error_number --diag_wrap=off --preproc_with_compile --preproc_dependency="cpu.pp"  "C:/work/git/umclib/drivers/cpu/src/32b/f28x/f2806x/cpu.c"
'Finished building: C:/work/git/umclib/drivers/cpu/src/32b/f28x/f2806x/cpu.c'
' '
'Building file: C:/work/git/umclib/modules/ctrl/src/32b/ctrl.c'
'Invoking: C2000 Compiler'
"C:/ti/ccsv6/tools/compiler/ti-cgt-c2000_6.4.10/bin/cl2000" -v28 -ml -mt --float_support=fpu32 -O2 --include_path="C:/ti/ccsv6/tools/compiler/ti-cgt-c2000_6.4.10/include" --include_path="C:/work/git/umcapps/tests/umc_periph_test/" --include_path="C:/work/git/umclib/modules/hal/boards/umc3/src/" --include_path="C:/work/git/umclib/" --advice:performance=all -g --define=FAST_ROM_V1p6 --diag_warning=225 --display_error_number --diag_wrap=off --preproc_with_compile --preproc_dependency="ctrl.pp"  "C:/work/git/umclib/modules/ctrl/src/32b/ctrl.c"
'Finished building: C:/work/git/umclib/modules/ctrl/src/32b/ctrl.c'
' '
'Building file: C:/work/git/umclib/drivers/can/src/32b/f28x/f2806x/ecan_new.c'
'Invoking: C2000 Compiler'
"C:/ti/ccsv6/tools/compiler/ti-cgt-c2000_6.4.10/bin/cl2000" -v28 -ml -mt --float_support=fpu32 -O2 --include_path="C:/ti/ccsv6/tools/compiler/ti-cgt-c2000_6.4.10/include" --include_path="C:/work/git/umcapps/tests/umc_periph_test/" --include_path="C:/work/git/umclib/modules/hal/boards/umc3/src/" --include_path="C:/work/git/umclib/" --advice:performance=all -g --define=FAST_ROM_V1p6 --diag_warning=225 --display_error_number --diag_wrap=off --preproc_with_compile --preproc_dependency="ecan_new.pp"  "C:/work/git/umclib/drivers/can/src/32b/f28x/f2806x/ecan_new.c"
'Finished building: C:/work/git/umclib/drivers/can/src/32b/f28x/f2806x/ecan_new.c'
' '
'Building file: C:/work/git/umclib/modules/filter/src/32b/filter_fo.c'
'Invoking: C2000 Compiler'
"C:/ti/ccsv6/tools/compiler/ti-cgt-c2000_6.4.10/bin/cl2000" -v28 -ml -mt --float_support=fpu32 -O2 --include_path="C:/ti/ccsv6/tools/compiler/ti-cgt-c2000_6.4.10/include" --include_path="C:/work/git/umcapps/tests/umc_periph_test/" --include_path="C:/work/git/umclib/modules/hal/boards/umc3/src/" --include_path="C:/work/git/umclib/" --advice:performance=all -g --define=FAST_ROM_V1p6 --diag_warning=225 --display_error_number --diag_wrap=off --preproc_with_compile --preproc_dependency="filter_fo.pp"  "C:/work/git/umclib/modules/filter/src/32b/filter_fo.c"
'Finished building: C:/work/git/umclib/modules/filter/src/32b/filter_fo.c'
' '
'Building file: C:/work/git/umclib/drivers/flash/src/32b/f28x/f2806x/flash.c'
'Invoking: C2000 Compiler'
"C:/ti/ccsv6/tools/compiler/ti-cgt-c2000_6.4.10/bin/cl2000" -v28 -ml -mt --float_support=fpu32 -O2 --include_path="C:/ti/ccsv6/tools/compiler/ti-cgt-c2000_6.4.10/include" --include_path="C:/work/git/umcapps/tests/umc_periph_test/" --include_path="C:/work/git/umclib/modules/hal/boards/umc3/src/" --include_path="C:/work/git/umclib/" --advice:performance=all -g --define=FAST_ROM_V1p6 --diag_warning=225 --display_error_number --diag_wrap=off --preproc_with_compile --preproc_dependency="flash.pp"  "C:/work/git/umclib/drivers/flash/src/32b/f28x/f2806x/flash.c"
'Finished building: C:/work/git/umclib/drivers/flash/src/32b/f28x/f2806x/flash.c'
' '
'Building file: C:/work/git/umclib/drivers/gpio/src/32b/f28x/f2806x/gpio.c'
'Invoking: C2000 Compiler'
"C:/ti/ccsv6/tools/compiler/ti-cgt-c2000_6.4.10/bin/cl2000" -v28 -ml -mt --float_support=fpu32 -O2 --include_path="C:/ti/ccsv6/tools/compiler/ti-cgt-c2000_6.4.10/include" --include_path="C:/work/git/umcapps/tests/umc_periph_test/" --include_path="C:/work/git/umclib/modules/hal/boards/umc3/src/" --include_path="C:/work/git/umclib/" --advice:performance=all -g --define=FAST_ROM_V1p6 --diag_warning=225 --display_error_number --diag_wrap=off --preproc_with_compile --preproc_dependency="gpio.pp"  "C:/work/git/umclib/drivers/gpio/src/32b/f28x/f2806x/gpio.c"
'Finished building: C:/work/git/umclib/drivers/gpio/src/32b/f28x/f2806x/gpio.c'
' '
'Building file: C:/work/git/umclib/modules/hal/boards/umc3/src/hal.c'
'Invoking: C2000 Compiler'
"C:/ti/ccsv6/tools/compiler/ti-cgt-c2000_6.4.10/bin/cl2000" -v28 -ml -mt --float_support=fpu32 -O2 --include_path="C:/ti/ccsv6/tools/compiler/ti-cgt-c2000_6.4.10/include" --include_path="C:/work/git/umcapps/tests/umc_periph_test/" --include_path="C:/work/git/umclib/modules/hal/boards/umc3/src/" --include_path="C:/work/git/umclib/" --advice:performance=all -g --define=FAST_ROM_V1p6 --diag_warning=225 --display_error_number --diag_wrap=off --preproc_with_compile --preproc_dependency="hal.pp"  "C:/work/git/umclib/modules/hal/boards/umc3/src/hal.c"
'Finished building: C:/work/git/umclib/modules/hal/boards/umc3/src/hal.c'
' '
'Building file: C:/work/git/umclib/modules/ipark/src/32b/ipark.c'
'Invoking: C2000 Compiler'
"C:/ti/ccsv6/tools/compiler/ti-cgt-c2000_6.4.10/bin/cl2000" -v28 -ml -mt --float_support=fpu32 -O2 --include_path="C:/ti/ccsv6/tools/compiler/ti-cgt-c2000_6.4.10/include" --include_path="C:/work/git/umcapps/tests/umc_periph_test/" --include_path="C:/work/git/umclib/modules/hal/boards/umc3/src/" --include_path="C:/work/git/umclib/" --advice:performance=all -g --define=FAST_ROM_V1p6 --diag_warning=225 --display_error_number --diag_wrap=off --preproc_with_compile --preproc_dependency="ipark.pp"  "C:/work/git/umclib/modules/ipark/src/32b/ipark.c"
'Finished building: C:/work/git/umclib/modules/ipark/src/32b/ipark.c'
' '
'Building file: C:/work/git/umcapps/tests/umc_periph_test/main.c'
'Invoking: C2000 Compiler'
"C:/ti/ccsv6/tools/compiler/ti-cgt-c2000_6.4.10/bin/cl2000" -v28 -ml -mt --float_support=fpu32 -O2 --include_path="C:/ti/ccsv6/tools/compiler/ti-cgt-c2000_6.4.10/include" --include_path="C:/work/git/umcapps/tests/umc_periph_test/" --include_path="C:/work/git/umclib/modules/hal/boards/umc3/src/" --include_path="C:/work/git/umclib/" --advice:performance=all -g --define=FAST_ROM_V1p6 --diag_warning=225 --display_error_number --diag_wrap=off --preproc_with_compile --preproc_dependency="main.pp"  "C:/work/git/umcapps/tests/umc_periph_test/main.c"
'Finished building: C:/work/git/umcapps/tests/umc_periph_test/main.c'
' '
'Building file: C:/work/git/umclib/modules/memCopy/src/memCopy.c'
'Invoking: C2000 Compiler'
"C:/ti/ccsv6/tools/compiler/ti-cgt-c2000_6.4.10/bin/cl2000" -v28 -ml -mt --float_support=fpu32 -O2 --include_path="C:/ti/ccsv6/tools/compiler/ti-cgt-c2000_6.4.10/include" --include_path="C:/work/git/umcapps/tests/umc_periph_test/" --include_path="C:/work/git/umclib/modules/hal/boards/umc3/src/" --include_path="C:/work/git/umclib/" --advice:performance=all -g --define=FAST_ROM_V1p6 --diag_warning=225 --display_error_number --diag_wrap=off --preproc_with_compile --preproc_dependency="memCopy.pp"  "C:/work/git/umclib/modules/memCopy/src/memCopy.c"
'Finished building: C:/work/git/umclib/modules/memCopy/src/memCopy.c'
' '
'Building file: C:/work/git/umclib/modules/offset/src/32b/offset.c'
'Invoking: C2000 Compiler'
"C:/ti/ccsv6/tools/compiler/ti-cgt-c2000_6.4.10/bin/cl2000" -v28 -ml -mt --float_support=fpu32 -O2 --include_path="C:/ti/ccsv6/tools/compiler/ti-cgt-c2000_6.4.10/include" --include_path="C:/work/git/umcapps/tests/umc_periph_test/" --include_path="C:/work/git/umclib/modules/hal/boards/umc3/src/" --include_path="C:/work/git/umclib/" --advice:performance=all -g --define=FAST_ROM_V1p6 --diag_warning=225 --display_error_number --diag_wrap=off --preproc_with_compile --preproc_dependency="offset.pp"  "C:/work/git/umclib/modules/offset/src/32b/offset.c"
'Finished building: C:/work/git/umclib/modules/offset/src/32b/offset.c'
' '
'Building file: C:/work/git/umclib/drivers/osc/src/32b/f28x/f2806x/osc.c'
'Invoking: C2000 Compiler'
"C:/ti/ccsv6/tools/compiler/ti-cgt-c2000_6.4.10/bin/cl2000" -v28 -ml -mt --float_support=fpu32 -O2 --include_path="C:/ti/ccsv6/tools/compiler/ti-cgt-c2000_6.4.10/include" --include_path="C:/work/git/umcapps/tests/umc_periph_test/" --include_path="C:/work/git/umclib/modules/hal/boards/umc3/src/" --include_path="C:/work/git/umclib/" --advice:performance=all -g --define=FAST_ROM_V1p6 --diag_warning=225 --display_error_number --diag_wrap=off --preproc_with_compile --preproc_dependency="osc.pp"  "C:/work/git/umclib/drivers/osc/src/32b/f28x/f2806x/osc.c"
'Finished building: C:/work/git/umclib/drivers/osc/src/32b/f28x/f2806x/osc.c'
' '
'Building file: C:/work/git/umclib/modules/park/src/32b/park.c'
'Invoking: C2000 Compiler'
"C:/ti/ccsv6/tools/compiler/ti-cgt-c2000_6.4.10/bin/cl2000" -v28 -ml -mt --float_support=fpu32 -O2 --include_path="C:/ti/ccsv6/tools/compiler/ti-cgt-c2000_6.4.10/include" --include_path="C:/work/git/umcapps/tests/umc_periph_test/" --include_path="C:/work/git/umclib/modules/hal/boards/umc3/src/" --include_path="C:/work/git/umclib/" --advice:performance=all -g --define=FAST_ROM_V1p6 --diag_warning=225 --display_error_number --diag_wrap=off --preproc_with_compile --preproc_dependency="park.pp"  "C:/work/git/umclib/modules/park/src/32b/park.c"
'Finished building: C:/work/git/umclib/modules/park/src/32b/park.c'
' '
'Building file: C:/work/git/umclib/modules/pid/src/32b/pid.c'
'Invoking: C2000 Compiler'
"C:/ti/ccsv6/tools/compiler/ti-cgt-c2000_6.4.10/bin/cl2000" -v28 -ml -mt --float_support=fpu32 -O2 --include_path="C:/ti/ccsv6/tools/compiler/ti-cgt-c2000_6.4.10/include" --include_path="C:/work/git/umcapps/tests/umc_periph_test/" --include_path="C:/work/git/umclib/modules/hal/boards/umc3/src/" --include_path="C:/work/git/umclib/" --advice:performance=all -g --define=FAST_ROM_V1p6 --diag_warning=225 --display_error_number --diag_wrap=off --preproc_with_compile --preproc_dependency="pid.pp"  "C:/work/git/umclib/modules/pid/src/32b/pid.c"
'Finished building: C:/work/git/umclib/modules/pid/src/32b/pid.c'
' '
'Building file: C:/work/git/umclib/drivers/pie/src/32b/f28x/f2806x/pie.c'
'Invoking: C2000 Compiler'
"C:/ti/ccsv6/tools/compiler/ti-cgt-c2000_6.4.10/bin/cl2000" -v28 -ml -mt --float_support=fpu32 -O2 --include_path="C:/ti/ccsv6/tools/compiler/ti-cgt-c2000_6.4.10/include" --include_path="C:/work/git/umcapps/tests/umc_periph_test/" --include_path="C:/work/git/umclib/modules/hal/boards/umc3/src/" --include_path="C:/work/git/umclib/" --advice:performance=all -g --define=FAST_ROM_V1p6 --diag_warning=225 --display_error_number --diag_wrap=off --preproc_with_compile --preproc_dependency="pie.pp"  "C:/work/git/umclib/drivers/pie/src/32b/f28x/f2806x/pie.c"
'Finished building: C:/work/git/umclib/drivers/pie/src/32b/f28x/f2806x/pie.c'
' '
'Building file: C:/work/git/umclib/drivers/pll/src/32b/f28x/f2806x/pll.c'
'Invoking: C2000 Compiler'
"C:/ti/ccsv6/tools/compiler/ti-cgt-c2000_6.4.10/bin/cl2000" -v28 -ml -mt --float_support=fpu32 -O2 --include_path="C:/ti/ccsv6/tools/compiler/ti-cgt-c2000_6.4.10/include" --include_path="C:/work/git/umcapps/tests/umc_periph_test/" --include_path="C:/work/git/umclib/modules/hal/boards/umc3/src/" --include_path="C:/work/git/umclib/" --advice:performance=all -g --define=FAST_ROM_V1p6 --diag_warning=225 --display_error_number --diag_wrap=off --preproc_with_compile --preproc_dependency="pll.pp"  "C:/work/git/umclib/drivers/pll/src/32b/f28x/f2806x/pll.c"
'Finished building: C:/work/git/umclib/drivers/pll/src/32b/f28x/f2806x/pll.c'
' '
'Building file: C:/work/git/umclib/drivers/pwm/src/32b/f28x/f2806x/pwm.c'
'Invoking: C2000 Compiler'
"C:/ti/ccsv6/tools/compiler/ti-cgt-c2000_6.4.10/bin/cl2000" -v28 -ml -mt --float_support=fpu32 -O2 --include_path="C:/ti/ccsv6/tools/compiler/ti-cgt-c2000_6.4.10/include" --include_path="C:/work/git/umcapps/tests/umc_periph_test/" --include_path="C:/work/git/umclib/modules/hal/boards/umc3/src/" --include_path="C:/work/git/umclib/" --advice:performance=all -g --define=FAST_ROM_V1p6 --diag_warning=225 --display_error_number --diag_wrap=off --preproc_with_compile --preproc_dependency="pwm.pp"  "C:/work/git/umclib/drivers/pwm/src/32b/f28x/f2806x/pwm.c"
'Finished building: C:/work/git/umclib/drivers/pwm/src/32b/f28x/f2806x/pwm.c'
' '
'Building file: C:/work/git/umclib/drivers/pwr/src/32b/f28x/f2806x/pwr.c'
'Invoking: C2000 Compiler'
"C:/ti/ccsv6/tools/compiler/ti-cgt-c2000_6.4.10/bin/cl2000" -v28 -ml -mt --float_support=fpu32 -O2 --include_path="C:/ti/ccsv6/tools/compiler/ti-cgt-c2000_6.4.10/include" --include_path="C:/work/git/umcapps/tests/umc_periph_test/" --include_path="C:/work/git/umclib/modules/hal/boards/umc3/src/" --include_path="C:/work/git/umclib/" --advice:performance=all -g --define=FAST_ROM_V1p6 --diag_warning=225 --display_error_number --diag_wrap=off --preproc_with_compile --preproc_dependency="pwr.pp"  "C:/work/git/umclib/drivers/pwr/src/32b/f28x/f2806x/pwr.c"
'Finished building: C:/work/git/umclib/drivers/pwr/src/32b/f28x/f2806x/pwr.c'
' '
'Building file: C:/work/git/umclib/drivers/qep/src/32b/f28x/f2806x/qep.c'
'Invoking: C2000 Compiler'
"C:/ti/ccsv6/tools/compiler/ti-cgt-c2000_6.4.10/bin/cl2000" -v28 -ml -mt --float_support=fpu32 -O2 --include_path="C:/ti/ccsv6/tools/compiler/ti-cgt-c2000_6.4.10/include" --include_path="C:/work/git/umcapps/tests/umc_periph_test/" --include_path="C:/work/git/umclib/modules/hal/boards/umc3/src/" --include_path="C:/work/git/umclib/" --advice:performance=all -g --define=FAST_ROM_V1p6 --diag_warning=225 --display_error_number --diag_wrap=off --preproc_with_compile --preproc_dependency="qep.pp"  "C:/work/git/umclib/drivers/qep/src/32b/f28x/f2806x/qep.c"
'Finished building: C:/work/git/umclib/drivers/qep/src/32b/f28x/f2806x/qep.c'
' '
'Building file: C:/work/git/umclib/drivers/sci/src/32b/f28x/f2806x/sci.c'
'Invoking: C2000 Compiler'
"C:/ti/ccsv6/tools/compiler/ti-cgt-c2000_6.4.10/bin/cl2000" -v28 -ml -mt --float_support=fpu32 -O2 --include_path="C:/ti/ccsv6/tools/compiler/ti-cgt-c2000_6.4.10/include" --include_path="C:/work/git/umcapps/tests/umc_periph_test/" --include_path="C:/work/git/umclib/modules/hal/boards/umc3/src/" --include_path="C:/work/git/umclib/" --advice:performance=all -g --define=FAST_ROM_V1p6 --diag_warning=225 --display_error_number --diag_wrap=off --preproc_with_compile --preproc_dependency="sci.pp"  "C:/work/git/umclib/drivers/sci/src/32b/f28x/f2806x/sci.c"
'Finished building: C:/work/git/umclib/drivers/sci/src/32b/f28x/f2806x/sci.c'
' '
'Building file: C:/work/git/umclib/modules/svgen/src/32b/svgen.c'
'Invoking: C2000 Compiler'
"C:/ti/ccsv6/tools/compiler/ti-cgt-c2000_6.4.10/bin/cl2000" -v28 -ml -mt --float_support=fpu32 -O2 --include_path="C:/ti/ccsv6/tools/compiler/ti-cgt-c2000_6.4.10/include" --include_path="C:/work/git/umcapps/tests/umc_periph_test/" --include_path="C:/work/git/umclib/modules/hal/boards/umc3/src/" --include_path="C:/work/git/umclib/" --advice:performance=all -g --define=FAST_ROM_V1p6 --diag_warning=225 --display_error_number --diag_wrap=off --preproc_with_compile --preproc_dependency="svgen.pp"  "C:/work/git/umclib/modules/svgen/src/32b/svgen.c"
'Finished building: C:/work/git/umclib/modules/svgen/src/32b/svgen.c'
' '
'Building file: C:/work/git/umclib/drivers/timer/src/32b/f28x/f2806x/timer.c'
'Invoking: C2000 Compiler'
"C:/ti/ccsv6/tools/compiler/ti-cgt-c2000_6.4.10/bin/cl2000" -v28 -ml -mt --float_support=fpu32 -O2 --include_path="C:/ti/ccsv6/tools/compiler/ti-cgt-c2000_6.4.10/include" --include_path="C:/work/git/umcapps/tests/umc_periph_test/" --include_path="C:/work/git/umclib/modules/hal/boards/umc3/src/" --include_path="C:/work/git/umclib/" --advice:performance=all -g --define=FAST_ROM_V1p6 --diag_warning=225 --display_error_number --diag_wrap=off --preproc_with_compile --preproc_dependency="timer.pp"  "C:/work/git/umclib/drivers/timer/src/32b/f28x/f2806x/timer.c"
'Finished building: C:/work/git/umclib/drivers/timer/src/32b/f28x/f2806x/timer.c'
' '
'Building file: C:/work/git/umclib/modules/traj/src/32b/traj.c'
'Invoking: C2000 Compiler'
"C:/ti/ccsv6/tools/compiler/ti-cgt-c2000_6.4.10/bin/cl2000" -v28 -ml -mt --float_support=fpu32 -O2 --include_path="C:/ti/ccsv6/tools/compiler/ti-cgt-c2000_6.4.10/include" --include_path="C:/work/git/umcapps/tests/umc_periph_test/" --include_path="C:/work/git/umclib/modules/hal/boards/umc3/src/" --include_path="C:/work/git/umclib/" --advice:performance=all -g --define=FAST_ROM_V1p6 --diag_warning=225 --display_error_number --diag_wrap=off --preproc_with_compile --preproc_dependency="traj.pp"  "C:/work/git/umclib/modules/traj/src/32b/traj.c"
'Finished building: C:/work/git/umclib/modules/traj/src/32b/traj.c'
' '
'Building file: C:/work/git/umclib/modules/usDelay/src/32b/f28x/usDelay.asm'
'Invoking: C2000 Compiler'
"C:/ti/ccsv6/tools/compiler/ti-cgt-c2000_6.4.10/bin/cl2000" -v28 -ml -mt --float_support=fpu32 -O2 --include_path="C:/ti/ccsv6/tools/compiler/ti-cgt-c2000_6.4.10/include" --include_path="C:/work/git/umcapps/tests/umc_periph_test/" --include_path="C:/work/git/umclib/modules/hal/boards/umc3/src/" --include_path="C:/work/git/umclib/" --advice:performance=all -g --define=FAST_ROM_V1p6 --diag_warning=225 --display_error_number --diag_wrap=off --preproc_with_compile --preproc_dependency="usDelay.pp"  "C:/work/git/umclib/modules/usDelay/src/32b/f28x/usDelay.asm"
'Finished building: C:/work/git/umclib/modules/usDelay/src/32b/f28x/usDelay.asm'
' '
'Building file: C:/work/git/umclib/modules/user/src/32b/user.c'
'Invoking: C2000 Compiler'
"C:/ti/ccsv6/tools/compiler/ti-cgt-c2000_6.4.10/bin/cl2000" -v28 -ml -mt --float_support=fpu32 -O2 --include_path="C:/ti/ccsv6/tools/compiler/ti-cgt-c2000_6.4.10/include" --include_path="C:/work/git/umcapps/tests/umc_periph_test/" --include_path="C:/work/git/umclib/modules/hal/boards/umc3/src/" --include_path="C:/work/git/umclib/" --advice:performance=all -g --define=FAST_ROM_V1p6 --diag_warning=225 --display_error_number --diag_wrap=off --preproc_with_compile --preproc_dependency="user.pp"  "C:/work/git/umclib/modules/user/src/32b/user.c"
'Finished building: C:/work/git/umclib/modules/user/src/32b/user.c'
' '
'Building file: C:/work/git/umclib/drivers/wdog/src/32b/f28x/f2806x/wdog.c'
'Invoking: C2000 Compiler'
"C:/ti/ccsv6/tools/compiler/ti-cgt-c2000_6.4.10/bin/cl2000" -v28 -ml -mt --float_support=fpu32 -O2 --include_path="C:/ti/ccsv6/tools/compiler/ti-cgt-c2000_6.4.10/include" --include_path="C:/work/git/umcapps/tests/umc_periph_test/" --include_path="C:/work/git/umclib/modules/hal/boards/umc3/src/" --include_path="C:/work/git/umclib/" --advice:performance=all -g --define=FAST_ROM_V1p6 --diag_warning=225 --display_error_number --diag_wrap=off --preproc_with_compile --preproc_dependency="wdog.pp"  "C:/work/git/umclib/drivers/wdog/src/32b/f28x/f2806x/wdog.c"
'Finished building: C:/work/git/umclib/drivers/wdog/src/32b/f28x/f2806x/wdog.c'
' '
'Building target: umc3_example1.out'
'Invoking: C2000 Linker'
"C:/ti/ccsv6/tools/compiler/ti-cgt-c2000_6.4.10/bin/cl2000" -v28 -ml -mt --float_support=fpu32 -O2 --advice:performance=all -g --define=FAST_ROM_V1p6 --diag_warning=225 --display_error_number --diag_wrap=off -z -m"umc3_example1.map" --stack_size=0x3B0 --warn_sections -i"C:/ti/ccsv6/tools/compiler/ti-cgt-c2000_6.4.10/lib" -i"C:/ti/ccsv6/tools/compiler/ti-cgt-c2000_6.4.10/include" --reread_libs --display_error_number --diag_wrap=off --diag_suppress=16002 --xml_link_info="umc3_example1_linkInfo.xml" --rom_model -o "umc3_example1.out" -l"rts2800_fpu32.lib" "C:/work/git/umclib/modules/fast/lib/32b/f28x/f2806x/2806xRevB_FastSpinROMSymbols_fpu32.lib" "C:/work/git/umclib/modules/iqmath/lib/f28x/float/IQmath_fpu32.lib" "./CodeStartBranch.obj" "./adc.obj" "./clarke.obj" "./clk.obj" "./cpu.obj" "./ctrl.obj" "./ecan_new.obj" "./filter_fo.obj" "./flash.obj" "./gpio.obj" "./hal.obj" "./ipark.obj" "./main.obj" "./memCopy.obj" "./offset.obj" "./osc.obj" "./park.obj" "./pid.obj" "./pie.obj" "./pll.obj" "./pwm.obj" "./pwr.obj" "./qep.obj" "./sci.obj" "./svgen.obj" "./timer.obj" "./traj.obj" "./usDelay.obj" "./user.obj" "./wdog.obj" "C:/work/git/umclib/ide/ccs/cmd/f2806x/f28069F_ram_lnk.cmd"  
<Linking>

 undefined           first referenced
  symbol                 in file     
 ---------           ----------------
 _SPI_enable         ./hal.obj       
 _SPI_init           ./hal.obj       
 _SPI_reset          ./hal.obj       
 _SPI_setBaudRate    ./hal.obj       
 _SPI_setCharLength  ./hal.obj       
 _SPI_setClkPhase    ./hal.obj       
 _SPI_setClkPolarity ./hal.obj       
 _SPI_setMode        ./hal.obj       
 _SPI_setTriWire     ./hal.obj       

>> Compilation failure

error #10234-D: unresolved symbols remain
error #10010: errors encountered during linking; "umc3_example1.out" not built
gmake: *** [umc3_example1.out] Error 1
gmake: Target `all' not remade because of errors.

**** Build Finished ****
