
**** Build of configuration Debug for project umc_smart1 ****

"C:\\ti\\ccsv6\\utils\\bin\\gmake" -k all 
'Building file: C:/work/git/umcapps/tests/umc_smart1/main_smart_ideas1.c'
'Invoking: C2000 Compiler'
"C:/ti/ccsv6/tools/compiler/ti-cgt-c2000_6.4.10/bin/cl2000" -v28 -ml -mt --float_support=fpu32 -O2 --include_path="C:/ti/ccsv6/tools/compiler/ti-cgt-c2000_6.4.10/include" --include_path="C:/work/git/umcapps/tests/umc_smart1/" --include_path="C:/work/git/umclib/modules/hal/boards/umc3/src/" --include_path="C:/work/git/umclib/" -g --define=FAST_ROM_V1p6 --diag_warning=225 --display_error_number --diag_wrap=off --preproc_with_compile --preproc_dependency="main_smart_ideas1.pp"  "C:/work/git/umcapps/tests/umc_smart1/main_smart_ideas1.c"
'Finished building: C:/work/git/umcapps/tests/umc_smart1/main_smart_ideas1.c'
' '
'Building file: C:/work/git/umclib/modules/hdlc/src/32b/hdlc.c'
'Invoking: C2000 Compiler'
"C:/ti/ccsv6/tools/compiler/ti-cgt-c2000_6.4.10/bin/cl2000" -v28 -ml -mt --float_support=fpu32 -O2 --include_path="C:/ti/ccsv6/tools/compiler/ti-cgt-c2000_6.4.10/include" --include_path="C:/work/git/umcapps/tests/umc_smart1/" --include_path="C:/work/git/umclib/modules/hal/boards/umc3/src/" --include_path="C:/work/git/umclib/" -g --define=FAST_ROM_V1p6 --diag_warning=225 --display_error_number --diag_wrap=off --preproc_with_compile --preproc_dependency="hdlc.pp"  "C:/work/git/umclib/modules/hdlc/src/32b/hdlc.c"
'Finished building: C:/work/git/umclib/modules/hdlc/src/32b/hdlc.c'
' '
'Building target: umc_smart1.out'
'Invoking: C2000 Linker'
"C:/ti/ccsv6/tools/compiler/ti-cgt-c2000_6.4.10/bin/cl2000" -v28 -ml -mt --float_support=fpu32 -O2 -g --define=FAST_ROM_V1p6 --diag_warning=225 --display_error_number --diag_wrap=off -z -m"umc_smart1.map" --stack_size=0x3B0 --warn_sections -i"C:/ti/ccsv6/tools/compiler/ti-cgt-c2000_6.4.10/lib" -i"C:/ti/ccsv6/tools/compiler/ti-cgt-c2000_6.4.10/include" --reread_libs --display_error_number --diag_wrap=off --diag_suppress=16002 --xml_link_info="umc_smart1_linkInfo.xml" --rom_model -o "umc_smart1.out" -l"rts2800_fpu32.lib" "C:/work/git/umclib/modules/fast/lib/32b/f28x/f2806x/2806xRevB_FastSpinROMSymbols_fpu32.lib" "C:/work/git/umclib/modules/iqmath/lib/f28x/float/IQmath_fpu32.lib" "./CodeStartBranch.obj" "./adc.obj" "./clarke.obj" "./clk.obj" "./cpu.obj" "./ctrl.obj" "./ecan_new.obj" "./enc.obj" "./filter_fo.obj" "./flash.obj" "./gpio.obj" "./hal.obj" "./hdlc.obj" "./i2c.obj" "./ipark.obj" "./main_smart_ideas1.obj" "./memCopy.obj" "./offset.obj" "./osc.obj" "./park.obj" "./pid.obj" "./pie.obj" "./pll.obj" "./protocol.obj" "./pwm.obj" "./pwr.obj" "./qep.obj" "./sci.obj" "./spi.obj" "./svgen.obj" "./timer.obj" "./traj.obj" "./usDelay.obj" "./user.obj" "./wdog.obj" "C:/work/git/umclib/ide/ccs/cmd/f2806x/f28069F_ram_lnk.cmd"  
<Linking>
'Finished building target: umc_smart1.out'
' '

**** Build Finished ****

**** Build of configuration Debug for project umc_smart1 ****

"C:\\ti\\ccsv6\\utils\\bin\\gmake" -k all 
gmake: Nothing to be done for `all'.

**** Build Finished ****

**** Build of configuration Debug for project umc_smart1 ****

"C:\\ti\\ccsv6\\utils\\bin\\gmake" -k all 
'Building file: C:/work/git/umcapps/tests/umc_smart1/main_smart_ideas1.c'
'Invoking: C2000 Compiler'
"C:/ti/ccsv6/tools/compiler/ti-cgt-c2000_6.4.10/bin/cl2000" -v28 -ml -mt --float_support=fpu32 -O2 --include_path="C:/ti/ccsv6/tools/compiler/ti-cgt-c2000_6.4.10/include" --include_path="C:/work/git/umcapps/tests/umc_smart1/" --include_path="C:/work/git/umclib/modules/hal/boards/umc3/src/" --include_path="C:/work/git/umclib/" -g --define=FAST_ROM_V1p6 --diag_warning=225 --display_error_number --diag_wrap=off --preproc_with_compile --preproc_dependency="main_smart_ideas1.pp"  "C:/work/git/umcapps/tests/umc_smart1/main_smart_ideas1.c"
'Finished building: C:/work/git/umcapps/tests/umc_smart1/main_smart_ideas1.c'
' '
'Building target: umc_smart1.out'
'Invoking: C2000 Linker'
"C:/ti/ccsv6/tools/compiler/ti-cgt-c2000_6.4.10/bin/cl2000" -v28 -ml -mt --float_support=fpu32 -O2 -g --define=FAST_ROM_V1p6 --diag_warning=225 --display_error_number --diag_wrap=off -z -m"umc_smart1.map" --stack_size=0x3B0 --warn_sections -i"C:/ti/ccsv6/tools/compiler/ti-cgt-c2000_6.4.10/lib" -i"C:/ti/ccsv6/tools/compiler/ti-cgt-c2000_6.4.10/include" --reread_libs --display_error_number --diag_wrap=off --diag_suppress=16002 --xml_link_info="umc_smart1_linkInfo.xml" --rom_model -o "umc_smart1.out" -l"rts2800_fpu32.lib" "C:/work/git/umclib/modules/fast/lib/32b/f28x/f2806x/2806xRevB_FastSpinROMSymbols_fpu32.lib" "C:/work/git/umclib/modules/iqmath/lib/f28x/float/IQmath_fpu32.lib" "./CodeStartBranch.obj" "./adc.obj" "./clarke.obj" "./clk.obj" "./cpu.obj" "./ctrl.obj" "./ecan_new.obj" "./enc.obj" "./filter_fo.obj" "./flash.obj" "./gpio.obj" "./hal.obj" "./hdlc.obj" "./i2c.obj" "./ipark.obj" "./main_smart_ideas1.obj" "./memCopy.obj" "./offset.obj" "./osc.obj" "./park.obj" "./pid.obj" "./pie.obj" "./pll.obj" "./protocol.obj" "./pwm.obj" "./pwr.obj" "./qep.obj" "./sci.obj" "./spi.obj" "./svgen.obj" "./timer.obj" "./traj.obj" "./usDelay.obj" "./user.obj" "./wdog.obj" "C:/work/git/umclib/ide/ccs/cmd/f2806x/f28069F_ram_lnk.cmd"  
<Linking>
'Finished building target: umc_smart1.out'
' '

**** Build Finished ****
