
**** Build of configuration Debug for project umc3_example1 ****

"C:\\ti\\ccsv6\\utils\\bin\\gmake" -k all 
'Building target: umc3_example1.out'
'Invoking: C2000 Linker'
"C:/ti/ccsv6/tools/compiler/ti-cgt-c2000_6.4.10/bin/cl2000" -v28 -ml -mt --float_support=fpu32 -O2 --advice:performance=all -g --define=FAST_ROM_V1p6 --diag_warning=225 --display_error_number --diag_wrap=off -z -m"umc3_example1.map" --stack_size=0x3B0 --warn_sections -i"C:/ti/ccsv6/tools/compiler/ti-cgt-c2000_6.4.10/lib" -i"C:/ti/ccsv6/tools/compiler/ti-cgt-c2000_6.4.10/include" --reread_libs --display_error_number --diag_wrap=off --diag_suppress=16002 --xml_link_info="umc3_example1_linkInfo.xml" --rom_model -o "umc3_example1.out" -l"rts2800_fpu32.lib" "C:/work/git/umclib/modules/fast/lib/32b/f28x/f2806x/2806xRevB_FastSpinROMSymbols_fpu32.lib" "C:/work/git/umclib/modules/iqmath/lib/f28x/float/IQmath_fpu32.lib" "./CodeStartBranch.obj" "./adc.obj" "./clarke.obj" "./clk.obj" "./cpu.obj" "./ctrl.obj" "./ecan_new.obj" "./filter_fo.obj" "./flash.obj" "./gpio.obj" "./hal.obj" "./ipark.obj" "./main.obj" "./memCopy.obj" "./offset.obj" "./osc.obj" "./park.obj" "./pid.obj" "./pie.obj" "./pll.obj" "./pwm.obj" "./pwr.obj" "./qep.obj" "./sci.obj" "./svgen.obj" "./timer.obj" "./traj.obj" "./usDelay.obj" "./user.obj" "./wdog.obj" "C:/work/git/umclib/ide/ccs/cmd/f2806x/f28069F_ram_lnk.cmd"  
<Linking>

 undefined           first referenced
  symbol                 in file     
 ---------           ----------------
 _SPI_enable         ./hal.obj       
 _SPI_init           ./hal.obj       
 _SPI_reset          ./hal.obj       
 _SPI_setBaudRate    ./hal.obj       
 _SPI_setCharLength  ./hal.obj       
 _SPI_setClkPhase    ./hal.obj       
 _SPI_setClkPolarity ./hal.obj       
 _SPI_setMode        ./hal.obj       
 _SPI_setTriWire     ./hal.obj       

error #10234-D: unresolved symbols remain
error #10010: errors encountered during linking; "umc3_example1.out" not built

>> Compilation failure
gmake: *** [umc3_example1.out] Error 1
gmake: Target `all' not remade because of errors.

**** Build Finished ****
