
**** Build of configuration Debug for project umc_smart1 ****

"C:\\ti\\ccsv6\\utils\\bin\\gmake" -k all 
'Building file: C:/work/git/umclib/drivers/cpu/src/32b/f28x/f2806x/CodeStartBranch.asm'
'Invoking: C2000 Compiler'
"C:/ti/ccsv6/tools/compiler/c2000_15.12.3.LTS/bin/cl2000" -v28 -ml -mt --float_support=fpu32 -O2 --include_path="C:/ti/ccsv6/tools/compiler/c2000_15.12.3.LTS/include" --include_path="C:/work/git/umcapps/tests/umc_smart1/" --include_path="C:/work/git/umclib/modules/hal/boards/umc3/src/" --include_path="C:/work/git/umclib/" -g --define=FAST_ROM_V1p6 --define=ENCODER --display_error_number --diag_warning=225 --diag_wrap=off --preproc_with_compile --preproc_dependency="CodeStartBranch.d"  "C:/work/git/umclib/drivers/cpu/src/32b/f28x/f2806x/CodeStartBranch.asm"
'Finished building: C:/work/git/umclib/drivers/cpu/src/32b/f28x/f2806x/CodeStartBranch.asm'
' '
'Building file: C:/work/git/umclib/modules/accelerator/src/32b/accelerator.c'
'Invoking: C2000 Compiler'
"C:/ti/ccsv6/tools/compiler/c2000_15.12.3.LTS/bin/cl2000" -v28 -ml -mt --float_support=fpu32 -O2 --include_path="C:/ti/ccsv6/tools/compiler/c2000_15.12.3.LTS/include" --include_path="C:/work/git/umcapps/tests/umc_smart1/" --include_path="C:/work/git/umclib/modules/hal/boards/umc3/src/" --include_path="C:/work/git/umclib/" -g --define=FAST_ROM_V1p6 --define=ENCODER --display_error_number --diag_warning=225 --diag_wrap=off --preproc_with_compile --preproc_dependency="accelerator.d"  "C:/work/git/umclib/modules/accelerator/src/32b/accelerator.c"
'Finished building: C:/work/git/umclib/modules/accelerator/src/32b/accelerator.c'
' '
'Building file: C:/work/git/umclib/drivers/adc/src/32b/f28x/f2806x/adc.c'
'Invoking: C2000 Compiler'
"C:/ti/ccsv6/tools/compiler/c2000_15.12.3.LTS/bin/cl2000" -v28 -ml -mt --float_support=fpu32 -O2 --include_path="C:/ti/ccsv6/tools/compiler/c2000_15.12.3.LTS/include" --include_path="C:/work/git/umcapps/tests/umc_smart1/" --include_path="C:/work/git/umclib/modules/hal/boards/umc3/src/" --include_path="C:/work/git/umclib/" -g --define=FAST_ROM_V1p6 --define=ENCODER --display_error_number --diag_warning=225 --diag_wrap=off --preproc_with_compile --preproc_dependency="adc.d"  "C:/work/git/umclib/drivers/adc/src/32b/f28x/f2806x/adc.c"
'Finished building: C:/work/git/umclib/drivers/adc/src/32b/f28x/f2806x/adc.c'
' '
'Building file: C:/work/git/umclib/modules/clarke/src/32b/clarke.c'
'Invoking: C2000 Compiler'
"C:/ti/ccsv6/tools/compiler/c2000_15.12.3.LTS/bin/cl2000" -v28 -ml -mt --float_support=fpu32 -O2 --include_path="C:/ti/ccsv6/tools/compiler/c2000_15.12.3.LTS/include" --include_path="C:/work/git/umcapps/tests/umc_smart1/" --include_path="C:/work/git/umclib/modules/hal/boards/umc3/src/" --include_path="C:/work/git/umclib/" -g --define=FAST_ROM_V1p6 --define=ENCODER --display_error_number --diag_warning=225 --diag_wrap=off --preproc_with_compile --preproc_dependency="clarke.d"  "C:/work/git/umclib/modules/clarke/src/32b/clarke.c"
'Finished building: C:/work/git/umclib/modules/clarke/src/32b/clarke.c'
' '
'Building file: C:/work/git/umclib/drivers/clk/src/32b/f28x/f2806x/clk.c'
'Invoking: C2000 Compiler'
"C:/ti/ccsv6/tools/compiler/c2000_15.12.3.LTS/bin/cl2000" -v28 -ml -mt --float_support=fpu32 -O2 --include_path="C:/ti/ccsv6/tools/compiler/c2000_15.12.3.LTS/include" --include_path="C:/work/git/umcapps/tests/umc_smart1/" --include_path="C:/work/git/umclib/modules/hal/boards/umc3/src/" --include_path="C:/work/git/umclib/" -g --define=FAST_ROM_V1p6 --define=ENCODER --display_error_number --diag_warning=225 --diag_wrap=off --preproc_with_compile --preproc_dependency="clk.d"  "C:/work/git/umclib/drivers/clk/src/32b/f28x/f2806x/clk.c"
'Finished building: C:/work/git/umclib/drivers/clk/src/32b/f28x/f2806x/clk.c'
' '
'Building file: C:/work/git/umclib/drivers/cpu/src/32b/f28x/f2806x/cpu.c'
'Invoking: C2000 Compiler'
"C:/ti/ccsv6/tools/compiler/c2000_15.12.3.LTS/bin/cl2000" -v28 -ml -mt --float_support=fpu32 -O2 --include_path="C:/ti/ccsv6/tools/compiler/c2000_15.12.3.LTS/include" --include_path="C:/work/git/umcapps/tests/umc_smart1/" --include_path="C:/work/git/umclib/modules/hal/boards/umc3/src/" --include_path="C:/work/git/umclib/" -g --define=FAST_ROM_V1p6 --define=ENCODER --display_error_number --diag_warning=225 --diag_wrap=off --preproc_with_compile --preproc_dependency="cpu.d"  "C:/work/git/umclib/drivers/cpu/src/32b/f28x/f2806x/cpu.c"
'Finished building: C:/work/git/umclib/drivers/cpu/src/32b/f28x/f2806x/cpu.c'
' '
'Building file: C:/work/git/umclib/modules/ctrl/src/32b/ctrlQEP.c'
'Invoking: C2000 Compiler'
"C:/ti/ccsv6/tools/compiler/c2000_15.12.3.LTS/bin/cl2000" -v28 -ml -mt --float_support=fpu32 -O2 --include_path="C:/ti/ccsv6/tools/compiler/c2000_15.12.3.LTS/include" --include_path="C:/work/git/umcapps/tests/umc_smart1/" --include_path="C:/work/git/umclib/modules/hal/boards/umc3/src/" --include_path="C:/work/git/umclib/" -g --define=FAST_ROM_V1p6 --define=ENCODER --display_error_number --diag_warning=225 --diag_wrap=off --preproc_with_compile --preproc_dependency="ctrlQEP.d"  "C:/work/git/umclib/modules/ctrl/src/32b/ctrlQEP.c"
'Finished building: C:/work/git/umclib/modules/ctrl/src/32b/ctrlQEP.c'
' '
'Building file: C:/work/git/umclib/platforms/umcdrive3/src/defaults.c'
'Invoking: C2000 Compiler'
"C:/ti/ccsv6/tools/compiler/c2000_15.12.3.LTS/bin/cl2000" -v28 -ml -mt --float_support=fpu32 -O2 --include_path="C:/ti/ccsv6/tools/compiler/c2000_15.12.3.LTS/include" --include_path="C:/work/git/umcapps/tests/umc_smart1/" --include_path="C:/work/git/umclib/modules/hal/boards/umc3/src/" --include_path="C:/work/git/umclib/" -g --define=FAST_ROM_V1p6 --define=ENCODER --display_error_number --diag_warning=225 --diag_wrap=off --preproc_with_compile --preproc_dependency="defaults.d"  "C:/work/git/umclib/platforms/umcdrive3/src/defaults.c"
"C:/work/git/umclib/platforms/umcdrive3/src/defaults.c", line 83: warning #118-D: non-void function "DEFAULTS_init" should return a value
'Finished building: C:/work/git/umclib/platforms/umcdrive3/src/defaults.c'
' '
'Building file: C:/work/git/umclib/drivers/can/src/32b/f28x/f2806x/ecan_new.c'
'Invoking: C2000 Compiler'
"C:/ti/ccsv6/tools/compiler/c2000_15.12.3.LTS/bin/cl2000" -v28 -ml -mt --float_support=fpu32 -O2 --include_path="C:/ti/ccsv6/tools/compiler/c2000_15.12.3.LTS/include" --include_path="C:/work/git/umcapps/tests/umc_smart1/" --include_path="C:/work/git/umclib/modules/hal/boards/umc3/src/" --include_path="C:/work/git/umclib/" -g --define=FAST_ROM_V1p6 --define=ENCODER --display_error_number --diag_warning=225 --diag_wrap=off --preproc_with_compile --preproc_dependency="ecan_new.d"  "C:/work/git/umclib/drivers/can/src/32b/f28x/f2806x/ecan_new.c"
'Finished building: C:/work/git/umclib/drivers/can/src/32b/f28x/f2806x/ecan_new.c'
' '
'Building file: C:/work/git/umclib/modules/enc/src/32b/enc.c'
'Invoking: C2000 Compiler'
"C:/ti/ccsv6/tools/compiler/c2000_15.12.3.LTS/bin/cl2000" -v28 -ml -mt --float_support=fpu32 -O2 --include_path="C:/ti/ccsv6/tools/compiler/c2000_15.12.3.LTS/include" --include_path="C:/work/git/umcapps/tests/umc_smart1/" --include_path="C:/work/git/umclib/modules/hal/boards/umc3/src/" --include_path="C:/work/git/umclib/" -g --define=FAST_ROM_V1p6 --define=ENCODER --display_error_number --diag_warning=225 --diag_wrap=off --preproc_with_compile --preproc_dependency="enc.d"  "C:/work/git/umclib/modules/enc/src/32b/enc.c"
'Finished building: C:/work/git/umclib/modules/enc/src/32b/enc.c'
' '
'Building file: C:/work/git/umclib/modules/filter/src/32b/filter_fo.c'
'Invoking: C2000 Compiler'
"C:/ti/ccsv6/tools/compiler/c2000_15.12.3.LTS/bin/cl2000" -v28 -ml -mt --float_support=fpu32 -O2 --include_path="C:/ti/ccsv6/tools/compiler/c2000_15.12.3.LTS/include" --include_path="C:/work/git/umcapps/tests/umc_smart1/" --include_path="C:/work/git/umclib/modules/hal/boards/umc3/src/" --include_path="C:/work/git/umclib/" -g --define=FAST_ROM_V1p6 --define=ENCODER --display_error_number --diag_warning=225 --diag_wrap=off --preproc_with_compile --preproc_dependency="filter_fo.d"  "C:/work/git/umclib/modules/filter/src/32b/filter_fo.c"
'Finished building: C:/work/git/umclib/modules/filter/src/32b/filter_fo.c'
' '
'Building file: C:/work/git/umclib/drivers/flash/src/32b/f28x/f2806x/flash.c'
'Invoking: C2000 Compiler'
"C:/ti/ccsv6/tools/compiler/c2000_15.12.3.LTS/bin/cl2000" -v28 -ml -mt --float_support=fpu32 -O2 --include_path="C:/ti/ccsv6/tools/compiler/c2000_15.12.3.LTS/include" --include_path="C:/work/git/umcapps/tests/umc_smart1/" --include_path="C:/work/git/umclib/modules/hal/boards/umc3/src/" --include_path="C:/work/git/umclib/" -g --define=FAST_ROM_V1p6 --define=ENCODER --display_error_number --diag_warning=225 --diag_wrap=off --preproc_with_compile --preproc_dependency="flash.d"  "C:/work/git/umclib/drivers/flash/src/32b/f28x/f2806x/flash.c"
'Finished building: C:/work/git/umclib/drivers/flash/src/32b/f28x/f2806x/flash.c'
' '
'Building file: C:/work/git/umclib/drivers/gpio/src/32b/f28x/f2806x/gpio.c'
'Invoking: C2000 Compiler'
"C:/ti/ccsv6/tools/compiler/c2000_15.12.3.LTS/bin/cl2000" -v28 -ml -mt --float_support=fpu32 -O2 --include_path="C:/ti/ccsv6/tools/compiler/c2000_15.12.3.LTS/include" --include_path="C:/work/git/umcapps/tests/umc_smart1/" --include_path="C:/work/git/umclib/modules/hal/boards/umc3/src/" --include_path="C:/work/git/umclib/" -g --define=FAST_ROM_V1p6 --define=ENCODER --display_error_number --diag_warning=225 --diag_wrap=off --preproc_with_compile --preproc_dependency="gpio.d"  "C:/work/git/umclib/drivers/gpio/src/32b/f28x/f2806x/gpio.c"
'Finished building: C:/work/git/umclib/drivers/gpio/src/32b/f28x/f2806x/gpio.c'
' '
'Building file: C:/work/git/umclib/modules/hal/boards/umc3/src/hal.c'
'Invoking: C2000 Compiler'
"C:/ti/ccsv6/tools/compiler/c2000_15.12.3.LTS/bin/cl2000" -v28 -ml -mt --float_support=fpu32 -O2 --include_path="C:/ti/ccsv6/tools/compiler/c2000_15.12.3.LTS/include" --include_path="C:/work/git/umcapps/tests/umc_smart1/" --include_path="C:/work/git/umclib/modules/hal/boards/umc3/src/" --include_path="C:/work/git/umclib/" -g --define=FAST_ROM_V1p6 --define=ENCODER --display_error_number --diag_warning=225 --diag_wrap=off --preproc_with_compile --preproc_dependency="hal.d"  "C:/work/git/umclib/modules/hal/boards/umc3/src/hal.c"
'Finished building: C:/work/git/umclib/modules/hal/boards/umc3/src/hal.c'
' '
'Building file: C:/work/git/umclib/modules/hdlc/src/32b/hdlc.c'
'Invoking: C2000 Compiler'
"C:/ti/ccsv6/tools/compiler/c2000_15.12.3.LTS/bin/cl2000" -v28 -ml -mt --float_support=fpu32 -O2 --include_path="C:/ti/ccsv6/tools/compiler/c2000_15.12.3.LTS/include" --include_path="C:/work/git/umcapps/tests/umc_smart1/" --include_path="C:/work/git/umclib/modules/hal/boards/umc3/src/" --include_path="C:/work/git/umclib/" -g --define=FAST_ROM_V1p6 --define=ENCODER --display_error_number --diag_warning=225 --diag_wrap=off --preproc_with_compile --preproc_dependency="hdlc.d"  "C:/work/git/umclib/modules/hdlc/src/32b/hdlc.c"
'Finished building: C:/work/git/umclib/modules/hdlc/src/32b/hdlc.c'
' '
'Building file: C:/work/git/umclib/drivers/i2c/src/32b/f28x/f2806x/i2c.c'
'Invoking: C2000 Compiler'
"C:/ti/ccsv6/tools/compiler/c2000_15.12.3.LTS/bin/cl2000" -v28 -ml -mt --float_support=fpu32 -O2 --include_path="C:/ti/ccsv6/tools/compiler/c2000_15.12.3.LTS/include" --include_path="C:/work/git/umcapps/tests/umc_smart1/" --include_path="C:/work/git/umclib/modules/hal/boards/umc3/src/" --include_path="C:/work/git/umclib/" -g --define=FAST_ROM_V1p6 --define=ENCODER --display_error_number --diag_warning=225 --diag_wrap=off --preproc_with_compile --preproc_dependency="i2c.d"  "C:/work/git/umclib/drivers/i2c/src/32b/f28x/f2806x/i2c.c"
'Finished building: C:/work/git/umclib/drivers/i2c/src/32b/f28x/f2806x/i2c.c'
' '
'Building file: C:/work/git/umclib/platforms/inv_smart/src/inv_smart.c'
'Invoking: C2000 Compiler'
"C:/ti/ccsv6/tools/compiler/c2000_15.12.3.LTS/bin/cl2000" -v28 -ml -mt --float_support=fpu32 -O2 --include_path="C:/ti/ccsv6/tools/compiler/c2000_15.12.3.LTS/include" --include_path="C:/work/git/umcapps/tests/umc_smart1/" --include_path="C:/work/git/umclib/modules/hal/boards/umc3/src/" --include_path="C:/work/git/umclib/" -g --define=FAST_ROM_V1p6 --define=ENCODER --display_error_number --diag_warning=225 --diag_wrap=off --preproc_with_compile --preproc_dependency="inv_smart.d"  "C:/work/git/umclib/platforms/inv_smart/src/inv_smart.c"
'Finished building: C:/work/git/umclib/platforms/inv_smart/src/inv_smart.c'
' '
'Building file: C:/work/git/umclib/modules/ipark/src/32b/ipark.c'
'Invoking: C2000 Compiler'
"C:/ti/ccsv6/tools/compiler/c2000_15.12.3.LTS/bin/cl2000" -v28 -ml -mt --float_support=fpu32 -O2 --include_path="C:/ti/ccsv6/tools/compiler/c2000_15.12.3.LTS/include" --include_path="C:/work/git/umcapps/tests/umc_smart1/" --include_path="C:/work/git/umclib/modules/hal/boards/umc3/src/" --include_path="C:/work/git/umclib/" -g --define=FAST_ROM_V1p6 --define=ENCODER --display_error_number --diag_warning=225 --diag_wrap=off --preproc_with_compile --preproc_dependency="ipark.d"  "C:/work/git/umclib/modules/ipark/src/32b/ipark.c"
'Finished building: C:/work/git/umclib/modules/ipark/src/32b/ipark.c'
' '
'Building file: C:/work/git/umcapps/tests/umc_smart1/main_ext1.c'
'Invoking: C2000 Compiler'
"C:/ti/ccsv6/tools/compiler/c2000_15.12.3.LTS/bin/cl2000" -v28 -ml -mt --float_support=fpu32 -O2 --include_path="C:/ti/ccsv6/tools/compiler/c2000_15.12.3.LTS/include" --include_path="C:/work/git/umcapps/tests/umc_smart1/" --include_path="C:/work/git/umclib/modules/hal/boards/umc3/src/" --include_path="C:/work/git/umclib/" -g --define=FAST_ROM_V1p6 --define=ENCODER --display_error_number --diag_warning=225 --diag_wrap=off --preproc_with_compile --preproc_dependency="main_ext1.d"  "C:/work/git/umcapps/tests/umc_smart1/main_ext1.c"
'Finished building: C:/work/git/umcapps/tests/umc_smart1/main_ext1.c'
' '
'Building file: C:/work/git/umclib/modules/memCopy/src/memCopy.c'
'Invoking: C2000 Compiler'
"C:/ti/ccsv6/tools/compiler/c2000_15.12.3.LTS/bin/cl2000" -v28 -ml -mt --float_support=fpu32 -O2 --include_path="C:/ti/ccsv6/tools/compiler/c2000_15.12.3.LTS/include" --include_path="C:/work/git/umcapps/tests/umc_smart1/" --include_path="C:/work/git/umclib/modules/hal/boards/umc3/src/" --include_path="C:/work/git/umclib/" -g --define=FAST_ROM_V1p6 --define=ENCODER --display_error_number --diag_warning=225 --diag_wrap=off --preproc_with_compile --preproc_dependency="memCopy.d"  "C:/work/git/umclib/modules/memCopy/src/memCopy.c"
'Finished building: C:/work/git/umclib/modules/memCopy/src/memCopy.c'
' '
'Building file: C:/work/git/umclib/modules/motorware/src/32b/motorware.c'
'Invoking: C2000 Compiler'
"C:/ti/ccsv6/tools/compiler/c2000_15.12.3.LTS/bin/cl2000" -v28 -ml -mt --float_support=fpu32 -O2 --include_path="C:/ti/ccsv6/tools/compiler/c2000_15.12.3.LTS/include" --include_path="C:/work/git/umcapps/tests/umc_smart1/" --include_path="C:/work/git/umclib/modules/hal/boards/umc3/src/" --include_path="C:/work/git/umclib/" -g --define=FAST_ROM_V1p6 --define=ENCODER --display_error_number --diag_warning=225 --diag_wrap=off --preproc_with_compile --preproc_dependency="motorware.d"  "C:/work/git/umclib/modules/motorware/src/32b/motorware.c"
'Finished building: C:/work/git/umclib/modules/motorware/src/32b/motorware.c'
' '
'Building file: C:/work/git/umclib/modules/offset/src/32b/offset.c'
'Invoking: C2000 Compiler'
"C:/ti/ccsv6/tools/compiler/c2000_15.12.3.LTS/bin/cl2000" -v28 -ml -mt --float_support=fpu32 -O2 --include_path="C:/ti/ccsv6/tools/compiler/c2000_15.12.3.LTS/include" --include_path="C:/work/git/umcapps/tests/umc_smart1/" --include_path="C:/work/git/umclib/modules/hal/boards/umc3/src/" --include_path="C:/work/git/umclib/" -g --define=FAST_ROM_V1p6 --define=ENCODER --display_error_number --diag_warning=225 --diag_wrap=off --preproc_with_compile --preproc_dependency="offset.d"  "C:/work/git/umclib/modules/offset/src/32b/offset.c"
'Finished building: C:/work/git/umclib/modules/offset/src/32b/offset.c'
' '
'Building file: C:/work/git/umclib/drivers/osc/src/32b/f28x/f2806x/osc.c'
'Invoking: C2000 Compiler'
"C:/ti/ccsv6/tools/compiler/c2000_15.12.3.LTS/bin/cl2000" -v28 -ml -mt --float_support=fpu32 -O2 --include_path="C:/ti/ccsv6/tools/compiler/c2000_15.12.3.LTS/include" --include_path="C:/work/git/umcapps/tests/umc_smart1/" --include_path="C:/work/git/umclib/modules/hal/boards/umc3/src/" --include_path="C:/work/git/umclib/" -g --define=FAST_ROM_V1p6 --define=ENCODER --display_error_number --diag_warning=225 --diag_wrap=off --preproc_with_compile --preproc_dependency="osc.d"  "C:/work/git/umclib/drivers/osc/src/32b/f28x/f2806x/osc.c"
'Finished building: C:/work/git/umclib/drivers/osc/src/32b/f28x/f2806x/osc.c'
' '
'Building file: C:/work/git/umclib/modules/park/src/32b/park.c'
'Invoking: C2000 Compiler'
"C:/ti/ccsv6/tools/compiler/c2000_15.12.3.LTS/bin/cl2000" -v28 -ml -mt --float_support=fpu32 -O2 --include_path="C:/ti/ccsv6/tools/compiler/c2000_15.12.3.LTS/include" --include_path="C:/work/git/umcapps/tests/umc_smart1/" --include_path="C:/work/git/umclib/modules/hal/boards/umc3/src/" --include_path="C:/work/git/umclib/" -g --define=FAST_ROM_V1p6 --define=ENCODER --display_error_number --diag_warning=225 --diag_wrap=off --preproc_with_compile --preproc_dependency="park.d"  "C:/work/git/umclib/modules/park/src/32b/park.c"
'Finished building: C:/work/git/umclib/modules/park/src/32b/park.c'
' '
'Building file: C:/work/git/umclib/modules/pid/src/32b/pid.c'
'Invoking: C2000 Compiler'
"C:/ti/ccsv6/tools/compiler/c2000_15.12.3.LTS/bin/cl2000" -v28 -ml -mt --float_support=fpu32 -O2 --include_path="C:/ti/ccsv6/tools/compiler/c2000_15.12.3.LTS/include" --include_path="C:/work/git/umcapps/tests/umc_smart1/" --include_path="C:/work/git/umclib/modules/hal/boards/umc3/src/" --include_path="C:/work/git/umclib/" -g --define=FAST_ROM_V1p6 --define=ENCODER --display_error_number --diag_warning=225 --diag_wrap=off --preproc_with_compile --preproc_dependency="pid.d"  "C:/work/git/umclib/modules/pid/src/32b/pid.c"
'Finished building: C:/work/git/umclib/modules/pid/src/32b/pid.c'
' '
'Building file: C:/work/git/umclib/drivers/pie/src/32b/f28x/f2806x/pie.c'
'Invoking: C2000 Compiler'
"C:/ti/ccsv6/tools/compiler/c2000_15.12.3.LTS/bin/cl2000" -v28 -ml -mt --float_support=fpu32 -O2 --include_path="C:/ti/ccsv6/tools/compiler/c2000_15.12.3.LTS/include" --include_path="C:/work/git/umcapps/tests/umc_smart1/" --include_path="C:/work/git/umclib/modules/hal/boards/umc3/src/" --include_path="C:/work/git/umclib/" -g --define=FAST_ROM_V1p6 --define=ENCODER --display_error_number --diag_warning=225 --diag_wrap=off --preproc_with_compile --preproc_dependency="pie.d"  "C:/work/git/umclib/drivers/pie/src/32b/f28x/f2806x/pie.c"
'Finished building: C:/work/git/umclib/drivers/pie/src/32b/f28x/f2806x/pie.c'
' '
'Building file: C:/work/git/umclib/drivers/pll/src/32b/f28x/f2806x/pll.c'
'Invoking: C2000 Compiler'
"C:/ti/ccsv6/tools/compiler/c2000_15.12.3.LTS/bin/cl2000" -v28 -ml -mt --float_support=fpu32 -O2 --include_path="C:/ti/ccsv6/tools/compiler/c2000_15.12.3.LTS/include" --include_path="C:/work/git/umcapps/tests/umc_smart1/" --include_path="C:/work/git/umclib/modules/hal/boards/umc3/src/" --include_path="C:/work/git/umclib/" -g --define=FAST_ROM_V1p6 --define=ENCODER --display_error_number --diag_warning=225 --diag_wrap=off --preproc_with_compile --preproc_dependency="pll.d"  "C:/work/git/umclib/drivers/pll/src/32b/f28x/f2806x/pll.c"
'Finished building: C:/work/git/umclib/drivers/pll/src/32b/f28x/f2806x/pll.c'
' '
'Building file: C:/work/git/umclib/modules/protocol/src/32b/protocol.c'
'Invoking: C2000 Compiler'
"C:/ti/ccsv6/tools/compiler/c2000_15.12.3.LTS/bin/cl2000" -v28 -ml -mt --float_support=fpu32 -O2 --include_path="C:/ti/ccsv6/tools/compiler/c2000_15.12.3.LTS/include" --include_path="C:/work/git/umcapps/tests/umc_smart1/" --include_path="C:/work/git/umclib/modules/hal/boards/umc3/src/" --include_path="C:/work/git/umclib/" -g --define=FAST_ROM_V1p6 --define=ENCODER --display_error_number --diag_warning=225 --diag_wrap=off --preproc_with_compile --preproc_dependency="protocol.d"  "C:/work/git/umclib/modules/protocol/src/32b/protocol.c"
'Finished building: C:/work/git/umclib/modules/protocol/src/32b/protocol.c'
' '
'Building file: C:/work/git/umclib/drivers/pwm/src/32b/f28x/f2806x/pwm.c'
'Invoking: C2000 Compiler'
"C:/ti/ccsv6/tools/compiler/c2000_15.12.3.LTS/bin/cl2000" -v28 -ml -mt --float_support=fpu32 -O2 --include_path="C:/ti/ccsv6/tools/compiler/c2000_15.12.3.LTS/include" --include_path="C:/work/git/umcapps/tests/umc_smart1/" --include_path="C:/work/git/umclib/modules/hal/boards/umc3/src/" --include_path="C:/work/git/umclib/" -g --define=FAST_ROM_V1p6 --define=ENCODER --display_error_number --diag_warning=225 --diag_wrap=off --preproc_with_compile --preproc_dependency="pwm.d"  "C:/work/git/umclib/drivers/pwm/src/32b/f28x/f2806x/pwm.c"
'Finished building: C:/work/git/umclib/drivers/pwm/src/32b/f28x/f2806x/pwm.c'
' '
'Building file: C:/work/git/umclib/drivers/pwr/src/32b/f28x/f2806x/pwr.c'
'Invoking: C2000 Compiler'
"C:/ti/ccsv6/tools/compiler/c2000_15.12.3.LTS/bin/cl2000" -v28 -ml -mt --float_support=fpu32 -O2 --include_path="C:/ti/ccsv6/tools/compiler/c2000_15.12.3.LTS/include" --include_path="C:/work/git/umcapps/tests/umc_smart1/" --include_path="C:/work/git/umclib/modules/hal/boards/umc3/src/" --include_path="C:/work/git/umclib/" -g --define=FAST_ROM_V1p6 --define=ENCODER --display_error_number --diag_warning=225 --diag_wrap=off --preproc_with_compile --preproc_dependency="pwr.d"  "C:/work/git/umclib/drivers/pwr/src/32b/f28x/f2806x/pwr.c"
'Finished building: C:/work/git/umclib/drivers/pwr/src/32b/f28x/f2806x/pwr.c'
' '
'Building file: C:/work/git/umclib/drivers/qep/src/32b/f28x/f2806x/qep.c'
'Invoking: C2000 Compiler'
"C:/ti/ccsv6/tools/compiler/c2000_15.12.3.LTS/bin/cl2000" -v28 -ml -mt --float_support=fpu32 -O2 --include_path="C:/ti/ccsv6/tools/compiler/c2000_15.12.3.LTS/include" --include_path="C:/work/git/umcapps/tests/umc_smart1/" --include_path="C:/work/git/umclib/modules/hal/boards/umc3/src/" --include_path="C:/work/git/umclib/" -g --define=FAST_ROM_V1p6 --define=ENCODER --display_error_number --diag_warning=225 --diag_wrap=off --preproc_with_compile --preproc_dependency="qep.d"  "C:/work/git/umclib/drivers/qep/src/32b/f28x/f2806x/qep.c"
'Finished building: C:/work/git/umclib/drivers/qep/src/32b/f28x/f2806x/qep.c'
' '
'Building file: C:/work/git/umclib/drivers/sci/src/32b/f28x/f2806x/sci.c'
'Invoking: C2000 Compiler'
"C:/ti/ccsv6/tools/compiler/c2000_15.12.3.LTS/bin/cl2000" -v28 -ml -mt --float_support=fpu32 -O2 --include_path="C:/ti/ccsv6/tools/compiler/c2000_15.12.3.LTS/include" --include_path="C:/work/git/umcapps/tests/umc_smart1/" --include_path="C:/work/git/umclib/modules/hal/boards/umc3/src/" --include_path="C:/work/git/umclib/" -g --define=FAST_ROM_V1p6 --define=ENCODER --display_error_number --diag_warning=225 --diag_wrap=off --preproc_with_compile --preproc_dependency="sci.d"  "C:/work/git/umclib/drivers/sci/src/32b/f28x/f2806x/sci.c"
'Finished building: C:/work/git/umclib/drivers/sci/src/32b/f28x/f2806x/sci.c'
' '
'Building file: C:/work/git/umclib/drivers/spi/src/32b/f28x/f2806x/spi.c'
'Invoking: C2000 Compiler'
"C:/ti/ccsv6/tools/compiler/c2000_15.12.3.LTS/bin/cl2000" -v28 -ml -mt --float_support=fpu32 -O2 --include_path="C:/ti/ccsv6/tools/compiler/c2000_15.12.3.LTS/include" --include_path="C:/work/git/umcapps/tests/umc_smart1/" --include_path="C:/work/git/umclib/modules/hal/boards/umc3/src/" --include_path="C:/work/git/umclib/" -g --define=FAST_ROM_V1p6 --define=ENCODER --display_error_number --diag_warning=225 --diag_wrap=off --preproc_with_compile --preproc_dependency="spi.d"  "C:/work/git/umclib/drivers/spi/src/32b/f28x/f2806x/spi.c"
'Finished building: C:/work/git/umclib/drivers/spi/src/32b/f28x/f2806x/spi.c'
' '
'Building file: C:/work/git/umclib/modules/svgen/src/32b/svgen.c'
'Invoking: C2000 Compiler'
"C:/ti/ccsv6/tools/compiler/c2000_15.12.3.LTS/bin/cl2000" -v28 -ml -mt --float_support=fpu32 -O2 --include_path="C:/ti/ccsv6/tools/compiler/c2000_15.12.3.LTS/include" --include_path="C:/work/git/umcapps/tests/umc_smart1/" --include_path="C:/work/git/umclib/modules/hal/boards/umc3/src/" --include_path="C:/work/git/umclib/" -g --define=FAST_ROM_V1p6 --define=ENCODER --display_error_number --diag_warning=225 --diag_wrap=off --preproc_with_compile --preproc_dependency="svgen.d"  "C:/work/git/umclib/modules/svgen/src/32b/svgen.c"
'Finished building: C:/work/git/umclib/modules/svgen/src/32b/svgen.c'
' '
'Building file: C:/work/git/umclib/modules/throttle/src/32b/throttle.c'
'Invoking: C2000 Compiler'
"C:/ti/ccsv6/tools/compiler/c2000_15.12.3.LTS/bin/cl2000" -v28 -ml -mt --float_support=fpu32 -O2 --include_path="C:/ti/ccsv6/tools/compiler/c2000_15.12.3.LTS/include" --include_path="C:/work/git/umcapps/tests/umc_smart1/" --include_path="C:/work/git/umclib/modules/hal/boards/umc3/src/" --include_path="C:/work/git/umclib/" -g --define=FAST_ROM_V1p6 --define=ENCODER --display_error_number --diag_warning=225 --diag_wrap=off --preproc_with_compile --preproc_dependency="throttle.d"  "C:/work/git/umclib/modules/throttle/src/32b/throttle.c"
'Finished building: C:/work/git/umclib/modules/throttle/src/32b/throttle.c'
' '
'Building file: C:/work/git/umclib/drivers/timer/src/32b/f28x/f2806x/timer.c'
'Invoking: C2000 Compiler'
"C:/ti/ccsv6/tools/compiler/c2000_15.12.3.LTS/bin/cl2000" -v28 -ml -mt --float_support=fpu32 -O2 --include_path="C:/ti/ccsv6/tools/compiler/c2000_15.12.3.LTS/include" --include_path="C:/work/git/umcapps/tests/umc_smart1/" --include_path="C:/work/git/umclib/modules/hal/boards/umc3/src/" --include_path="C:/work/git/umclib/" -g --define=FAST_ROM_V1p6 --define=ENCODER --display_error_number --diag_warning=225 --diag_wrap=off --preproc_with_compile --preproc_dependency="timer.d"  "C:/work/git/umclib/drivers/timer/src/32b/f28x/f2806x/timer.c"
'Finished building: C:/work/git/umclib/drivers/timer/src/32b/f28x/f2806x/timer.c'
' '
'Building file: C:/work/git/umclib/modules/traj/src/32b/traj.c'
'Invoking: C2000 Compiler'
"C:/ti/ccsv6/tools/compiler/c2000_15.12.3.LTS/bin/cl2000" -v28 -ml -mt --float_support=fpu32 -O2 --include_path="C:/ti/ccsv6/tools/compiler/c2000_15.12.3.LTS/include" --include_path="C:/work/git/umcapps/tests/umc_smart1/" --include_path="C:/work/git/umclib/modules/hal/boards/umc3/src/" --include_path="C:/work/git/umclib/" -g --define=FAST_ROM_V1p6 --define=ENCODER --display_error_number --diag_warning=225 --diag_wrap=off --preproc_with_compile --preproc_dependency="traj.d"  "C:/work/git/umclib/modules/traj/src/32b/traj.c"
'Finished building: C:/work/git/umclib/modules/traj/src/32b/traj.c'
' '
'Building file: C:/work/git/umclib/modules/usDelay/src/32b/f28x/usDelay.asm'
'Invoking: C2000 Compiler'
"C:/ti/ccsv6/tools/compiler/c2000_15.12.3.LTS/bin/cl2000" -v28 -ml -mt --float_support=fpu32 -O2 --include_path="C:/ti/ccsv6/tools/compiler/c2000_15.12.3.LTS/include" --include_path="C:/work/git/umcapps/tests/umc_smart1/" --include_path="C:/work/git/umclib/modules/hal/boards/umc3/src/" --include_path="C:/work/git/umclib/" -g --define=FAST_ROM_V1p6 --define=ENCODER --display_error_number --diag_warning=225 --diag_wrap=off --preproc_with_compile --preproc_dependency="usDelay.d"  "C:/work/git/umclib/modules/usDelay/src/32b/f28x/usDelay.asm"
'Finished building: C:/work/git/umclib/modules/usDelay/src/32b/f28x/usDelay.asm'
' '
'Building file: C:/work/git/umclib/modules/user/src/32b/user_online.c'
'Invoking: C2000 Compiler'
"C:/ti/ccsv6/tools/compiler/c2000_15.12.3.LTS/bin/cl2000" -v28 -ml -mt --float_support=fpu32 -O2 --include_path="C:/ti/ccsv6/tools/compiler/c2000_15.12.3.LTS/include" --include_path="C:/work/git/umcapps/tests/umc_smart1/" --include_path="C:/work/git/umclib/modules/hal/boards/umc3/src/" --include_path="C:/work/git/umclib/" -g --define=FAST_ROM_V1p6 --define=ENCODER --display_error_number --diag_warning=225 --diag_wrap=off --preproc_with_compile --preproc_dependency="user_online.d"  "C:/work/git/umclib/modules/user/src/32b/user_online.c"
'Finished building: C:/work/git/umclib/modules/user/src/32b/user_online.c'
' '
'Building file: C:/work/git/umclib/drivers/wdog/src/32b/f28x/f2806x/wdog.c'
'Invoking: C2000 Compiler'
"C:/ti/ccsv6/tools/compiler/c2000_15.12.3.LTS/bin/cl2000" -v28 -ml -mt --float_support=fpu32 -O2 --include_path="C:/ti/ccsv6/tools/compiler/c2000_15.12.3.LTS/include" --include_path="C:/work/git/umcapps/tests/umc_smart1/" --include_path="C:/work/git/umclib/modules/hal/boards/umc3/src/" --include_path="C:/work/git/umclib/" -g --define=FAST_ROM_V1p6 --define=ENCODER --display_error_number --diag_warning=225 --diag_wrap=off --preproc_with_compile --preproc_dependency="wdog.d"  "C:/work/git/umclib/drivers/wdog/src/32b/f28x/f2806x/wdog.c"
'Finished building: C:/work/git/umclib/drivers/wdog/src/32b/f28x/f2806x/wdog.c'
' '
'Building target: umc_smart1.out'
'Invoking: C2000 Linker'
"C:/ti/ccsv6/tools/compiler/c2000_15.12.3.LTS/bin/cl2000" -v28 -ml -mt --float_support=fpu32 -O2 -g --define=FAST_ROM_V1p6 --define=ENCODER --display_error_number --diag_warning=225 --diag_wrap=off -z -m"umc_smart1.map" --stack_size=0x3B0 --warn_sections -i"C:/ti/ccsv6/tools/compiler/c2000_15.12.3.LTS/lib" -i"C:/ti/ccsv6/tools/compiler/c2000_15.12.3.LTS/include" --reread_libs --diag_suppress=16002 --diag_wrap=off --display_error_number --xml_link_info="umc_smart1_linkInfo.xml" --rom_model -o "umc_smart1.out" -lrts2800_fpu32.lib "C:/work/git/umclib/modules/fast/lib/32b/f28x/f2806x/2806xRevB_FastSpinROMSymbols_fpu32.lib" "C:/work/git/umclib/modules/iqmath/lib/f28x/float/IQmath_fpu32.lib" "./CodeStartBranch.obj" "./accelerator.obj" "./adc.obj" "./clarke.obj" "./clk.obj" "./cpu.obj" "./ctrlQEP.obj" "./defaults.obj" "./ecan_new.obj" "./enc.obj" "./filter_fo.obj" "./flash.obj" "./gpio.obj" "./hal.obj" "./hdlc.obj" "./i2c.obj" "./inv_smart.obj" "./ipark.obj" "./main_ext1.obj" "./memCopy.obj" "./motorware.obj" "./offset.obj" "./osc.obj" "./park.obj" "./pid.obj" "./pie.obj" "./pll.obj" "./protocol.obj" "./pwm.obj" "./pwr.obj" "./qep.obj" "./sci.obj" "./spi.obj" "./svgen.obj" "./throttle.obj" "./timer.obj" "./traj.obj" "./usDelay.obj" "./user_online.obj" "./wdog.obj" "C:/work/git/umclib/ide/ccs/cmd/f2806x/f28069F_ram_lnk.cmd"  
<Linking>
'Finished building target: umc_smart1.out'
' '

**** Build Finished ****
